🧪 Running comprehensive test suite with coverage...
pytest -v --cov=heterodyne --cov-report=html --cov-report=term --continue-on-collection-errors
============================= test session starts ==============================
platform darwin -- Python 3.13.7, pytest-8.4.2, pluggy-1.6.0 -- /Users/b80985/Projects/heterodyne-analysis/venv/bin/python3.13
cachedir: .pytest_cache
metadata: {'Python': '3.13.7', 'Platform': 'macOS-15.7.1-arm64-arm-64bit-Mach-O', 'Packages': {'pytest': '8.4.2', 'pluggy': '1.6.0'}, 'Plugins': {'mock': '3.15.1', 'repeat': '0.9.4', 'instafail': '0.5.0', 'anyio': '4.11.0', 'html': '4.1.1', 'xdist': '3.8.0', 'json-report': '1.5.0', 'timeout': '2.4.0', 'metadata': '3.1.1', 'hypothesis': '6.140.3', 'clarity': '1.0.1', 'randomly': '4.0.1', 'Faker': '37.11.0', 'sugar': '1.1.1', 'benchmark': '5.1.0', 'nbval': '0.11.0', 'picked': '0.5.1', 'cov': '7.0.0'}}
hypothesis profile 'default'
Using --randomly-seed=4287305494
benchmark: 5.1.0 (defaults: timer=time.perf_counter disable_gc=False min_rounds=5 min_time=0.000005 max_time=1.0 calibration_precision=10 warmup=False warmup_iterations=100000)
rootdir: /Users/b80985/Projects/heterodyne-analysis
configfile: pyproject.toml
testpaths: heterodyne/tests
plugins: mock-3.15.1, repeat-0.9.4, instafail-0.5.0, anyio-4.11.0, html-4.1.1, xdist-3.8.0, json-report-1.5.0, timeout-2.4.0, metadata-3.1.1, hypothesis-6.140.3, clarity-1.0.1, randomly-4.0.1, Faker-37.11.0, sugar-1.1.1, benchmark-5.1.0, nbval-0.11.0, picked-0.5.1, cov-7.0.0
collecting ... collected 635 items

heterodyne/tests/test_code_quality_metrics.py::TestCodeQualityMetrics::test_baseline_establishment 
-------------------------------- live log call ---------------------------------
2025-10-09 20:01:35 [    INFO] heterodyne.tests.test_code_quality_metrics: Collecting code quality metrics (test_code_quality_metrics.py:451)
2025-10-09 20:01:37 [    INFO] heterodyne.tests.test_code_quality_metrics: Collected metrics for 143 files (test_code_quality_metrics.py:524)
2025-10-09 20:01:37 [    INFO] heterodyne.tests.test_code_quality_metrics: Established baseline 'test_baseline' - saved to code_quality_baseline_test_baseline.json (test_code_quality_metrics.py:589)
PASSED                                                                   [  0%]
heterodyne/tests/test_code_quality_metrics.py::TestCodeQualityMetrics::test_type_hint_analyzer PASSED [  0%]
heterodyne/tests/test_code_quality_metrics.py::TestCodeQualityMetrics::test_quality_report_generation 
-------------------------------- live log call ---------------------------------
2025-10-09 20:01:38 [    INFO] heterodyne.tests.test_code_quality_metrics: Collecting code quality metrics (test_code_quality_metrics.py:451)
2025-10-09 20:01:40 [    INFO] heterodyne.tests.test_code_quality_metrics: Collected metrics for 143 files (test_code_quality_metrics.py:524)
PASSED                                                                   [  0%]
heterodyne/tests/test_code_quality_metrics.py::TestCodeQualityMetrics::test_complexity_analyzer PASSED [  0%]
heterodyne/tests/test_code_quality_metrics.py::TestCodeQualityMetrics::test_quality_tracker 
-------------------------------- live log call ---------------------------------
2025-10-09 20:01:42 [    INFO] heterodyne.tests.test_code_quality_metrics: Collecting code quality metrics (test_code_quality_metrics.py:451)
2025-10-09 20:01:44 [    INFO] heterodyne.tests.test_code_quality_metrics: Collected metrics for 143 files (test_code_quality_metrics.py:524)
PASSED                                                                   [  0%]
heterodyne/tests/test_code_quality_metrics.py::TestCodeQualityMetrics::test_line_count_analyzer PASSED [  0%]
heterodyne/tests/test_optimization_utils.py::test_module_imports_correctly PASSED [  1%]
heterodyne/tests/test_optimization_utils.py::test_optimization_counter_functionality PASSED [  1%]
heterodyne/tests/test_optimization_utils.py::test_integration_with_classical_optimizer PASSED [  1%]
heterodyne/tests/test_optimization_utils.py::test_integration_with_analysis_core PASSED [  1%]
heterodyne/tests/test_optimization_utils.py::test_numba_availability_detection PASSED [  1%]
heterodyne/tests/test_function_composition.py::TestWorkflowComponents::test_parameter_validator PASSED [  1%]
heterodyne/tests/test_function_composition.py::TestWorkflowComponents::test_data_processor_scaling PASSED [  2%]
heterodyne/tests/test_function_composition.py::TestWorkflowComponents::test_data_processor_angle_filtering PASSED [  2%]
heterodyne/tests/test_function_composition.py::TestWorkflowComponents::test_data_processor_angle_statistics PASSED [  2%]
heterodyne/tests/test_function_composition.py::TestWorkflowComponents::test_simulation_workflow_time_arrays 
-------------------------------- live log call ---------------------------------
2025-10-09 20:01:44 [    INFO] heterodyne.core.workflows: Created time arrays: 11 points, dt=0.1 (workflows.py:444)
PASSED                                                                   [  2%]
heterodyne/tests/test_function_composition.py::TestWorkflowComponents::test_simulation_workflow_phi_angles PASSED [  2%]
heterodyne/tests/test_function_composition.py::TestWorkflowComponents::test_data_processor_normalization PASSED [  2%]
heterodyne/tests/test_function_composition.py::TestCompositionFramework::test_result_map_with_error PASSED [  2%]
heterodyne/tests/test_function_composition.py::TestCompositionFramework::test_function_piping PASSED [  3%]
heterodyne/tests/test_function_composition.py::TestCompositionFramework::test_curry_function PASSED [  3%]
heterodyne/tests/test_function_composition.py::TestCompositionFramework::test_result_map_operation PASSED [  3%]
heterodyne/tests/test_function_composition.py::TestCompositionFramework::test_function_composition PASSED [  3%]
heterodyne/tests/test_function_composition.py::TestCompositionFramework::test_result_filter_failure PASSED [  3%]
heterodyne/tests/test_function_composition.py::TestCompositionFramework::test_result_success_flow PASSED [  3%]
heterodyne/tests/test_function_composition.py::TestCompositionFramework::test_result_flat_map_with_error PASSED [  4%]
heterodyne/tests/test_function_composition.py::TestCompositionFramework::test_result_failure_flow PASSED [  4%]
heterodyne/tests/test_function_composition.py::TestCompositionFramework::test_result_filter_operation PASSED [  4%]
heterodyne/tests/test_function_composition.py::TestCompositionFramework::test_result_flat_map_operation PASSED [  4%]
heterodyne/tests/test_function_composition.py::TestCompositionFramework::test_memoization PASSED [  4%]
heterodyne/tests/test_function_composition.py::TestCompositionFramework::test_retry_decorator PASSED [  4%]
heterodyne/tests/test_function_composition.py::TestComposedFunctionBenefits::test_functional_vs_imperative_readability PASSED [  5%]
heterodyne/tests/test_function_composition.py::TestComposedFunctionBenefits::test_error_propagation_consistency PASSED [  5%]
heterodyne/tests/test_function_composition.py::TestComposedFunctionBenefits::test_component_reusability PASSED [  5%]
heterodyne/tests/test_function_composition.py::TestComposedFunctionBenefits::test_pipeline_modularity PASSED [  5%]
heterodyne/tests/test_function_composition.py::TestComposedFunctionBenefits::test_isolated_component_testing PASSED [  5%]
heterodyne/tests/test_function_composition.py::TestExperimentalData::test_invalid_experimental_data PASSED [  5%]
heterodyne/tests/test_function_composition.py::TestExperimentalData::test_non_finite_data_validation PASSED [  5%]
heterodyne/tests/test_function_composition.py::TestExperimentalData::test_valid_experimental_data PASSED [  6%]
heterodyne/tests/test_function_composition.py::TestPipelineFramework::test_configurable_pipeline PASSED [  6%]
heterodyne/tests/test_function_composition.py::TestPipelineFramework::test_pipeline_error_handling PASSED [  6%]
heterodyne/tests/test_function_composition.py::TestPipelineFramework::test_pipeline_basic_execution PASSED [  6%]
heterodyne/tests/test_function_composition.py::TestPipelineFramework::test_pipeline_with_validation PASSED [  6%]
heterodyne/tests/test_function_composition.py::TestPipelineFramework::test_validation_chain PASSED [  6%]
heterodyne/tests/test_function_composition.py::TestPipelineFramework::test_pipeline_with_side_effects PASSED [  7%]
heterodyne/tests/test_initialization_optimization.py::TestPerformanceBenchmarks::test_memory_usage_optimization 
-------------------------------- live log call ---------------------------------
2025-10-09 20:01:45 [    INFO] heterodyne.core.initialization_optimizer: Applying initialization optimizations (initialization_optimizer.py:354)
PASSED                                                                   [  7%]
heterodyne/tests/test_initialization_optimization.py::TestPerformanceBenchmarks::test_startup_time_benchmark PASSED [  7%]
heterodyne/tests/test_initialization_optimization.py::TestGlobalFunctions::test_optimize_package_initialization 
-------------------------------- live log call ---------------------------------
2025-10-09 20:01:51 [    INFO] heterodyne.core.initialization_optimizer: Optimizing module initialization order (initialization_optimizer.py:336)
2025-10-09 20:01:51 [    INFO] heterodyne.core.initialization_optimizer: Analyzing dependencies for heterodyne (initialization_optimizer.py:78)
2025-10-09 20:01:51 [    INFO] heterodyne.core.initialization_optimizer: Initialization Optimization Results: (initialization_optimizer.py:413)
2025-10-09 20:01:51 [    INFO] heterodyne.core.initialization_optimizer:   Total modules analyzed: 133 (initialization_optimizer.py:414)
2025-10-09 20:01:51 [    INFO] heterodyne.core.initialization_optimizer:   Critical path length: 87 (initialization_optimizer.py:415)
2025-10-09 20:01:51 [    INFO] heterodyne.core.initialization_optimizer:   Recommendations: 2 (initialization_optimizer.py:416)
2025-10-09 20:01:51 [    INFO] heterodyne.core.initialization_optimizer:     - Break circular dependencies with lazy imports (initialization_optimizer.py:419)
2025-10-09 20:01:51 [    INFO] heterodyne.core.initialization_optimizer:     - Consider splitting large modules for better modularity (initialization_optimizer.py:419)
2025-10-09 20:01:51 [    INFO] heterodyne.core.initialization_optimizer: Applying initialization optimizations (initialization_optimizer.py:354)
PASSED                                                                   [  7%]
heterodyne/tests/test_initialization_optimization.py::TestGlobalFunctions::test_profile_startup_performance 
-------------------------------- live log call ---------------------------------
2025-10-09 20:01:51 [    INFO] heterodyne.core.initialization_optimizer: Initialization took 0.0002s (initialization_optimizer.py:324)
2025-10-09 20:01:51 [    INFO] heterodyne.core.initialization_optimizer: Memory usage: 0.00MB (initialization_optimizer.py:325)
PASSED                                                                   [  7%]
heterodyne/tests/test_initialization_optimization.py::TestGlobalFunctions::test_get_global_optimizer PASSED [  7%]
heterodyne/tests/test_initialization_optimization.py::TestIntegrationWithMainPackage::test_main_package_optimization_functions PASSED [  8%]
heterodyne/tests/test_initialization_optimization.py::TestIntegrationWithMainPackage::test_optimization_environment_variable_disabled PASSED [  8%]
heterodyne/tests/test_initialization_optimization.py::TestIntegrationWithMainPackage::test_optimize_initialization_function PASSED [  8%]
heterodyne/tests/test_initialization_optimization.py::TestIntegrationWithMainPackage::test_automatic_optimization_application PASSED [  8%]
heterodyne/tests/test_initialization_optimization.py::TestIntegrationWithMainPackage::test_startup_performance_report_function 
-------------------------------- live log call ---------------------------------
2025-10-09 20:01:53 [    INFO] heterodyne.core.initialization_optimizer: Initialization took 0.0002s (initialization_optimizer.py:324)
2025-10-09 20:01:53 [    INFO] heterodyne.core.initialization_optimizer: Memory usage: 0.00MB (initialization_optimizer.py:325)
PASSED                                                                   [  8%]
heterodyne/tests/test_initialization_optimization.py::TestDependencyAnalyzer::test_circular_dependency_detection PASSED [  8%]
heterodyne/tests/test_initialization_optimization.py::TestDependencyAnalyzer::test_analyzer_initialization PASSED [  8%]
heterodyne/tests/test_initialization_optimization.py::TestDependencyAnalyzer::test_dependency_analysis 
-------------------------------- live log call ---------------------------------
2025-10-09 20:01:53 [    INFO] heterodyne.core.initialization_optimizer: Analyzing dependencies for heterodyne (initialization_optimizer.py:78)
PASSED                                                                   [  9%]
heterodyne/tests/test_initialization_optimization.py::TestDependencyAnalyzer::test_no_circular_dependencies PASSED [  9%]
heterodyne/tests/test_initialization_optimization.py::TestDependencyAnalyzer::test_heavy_import_detection PASSED [  9%]
heterodyne/tests/test_initialization_optimization.py::TestDependencyAnalyzer::test_path_to_module_name_conversion PASSED [  9%]
heterodyne/tests/test_initialization_optimization.py::TestInitializationOptimizer::test_preload_core_modules PASSED [  9%]
heterodyne/tests/test_initialization_optimization.py::TestInitializationOptimizer::test_profile_initialization_context 
-------------------------------- live log call ---------------------------------
2025-10-09 20:01:53 [    INFO] heterodyne.core.initialization_optimizer: Initialization took 0.0127s (initialization_optimizer.py:324)
2025-10-09 20:01:53 [    INFO] heterodyne.core.initialization_optimizer: Memory usage: 0.00MB (initialization_optimizer.py:325)
PASSED                                                                   [  9%]
heterodyne/tests/test_initialization_optimization.py::TestInitializationOptimizer::test_optimization_strategy_generation 
-------------------------------- live log call ---------------------------------
2025-10-09 20:01:53 [    INFO] heterodyne.core.initialization_optimizer: Optimizing module initialization order (initialization_optimizer.py:336)
2025-10-09 20:01:53 [    INFO] heterodyne.core.initialization_optimizer: Initialization Optimization Results: (initialization_optimizer.py:413)
2025-10-09 20:01:53 [    INFO] heterodyne.core.initialization_optimizer:   Total modules analyzed: 0 (initialization_optimizer.py:414)
2025-10-09 20:01:53 [    INFO] heterodyne.core.initialization_optimizer:   Critical path length: 0 (initialization_optimizer.py:415)
2025-10-09 20:01:53 [    INFO] heterodyne.core.initialization_optimizer:   Recommendations: 0 (initialization_optimizer.py:416)
PASSED                                                                   [ 10%]
heterodyne/tests/test_initialization_optimization.py::TestInitializationOptimizer::test_memory_usage_measurement PASSED [ 10%]
heterodyne/tests/test_initialization_optimization.py::TestInitializationOptimizer::test_apply_optimizations_without_strategy 
-------------------------------- live log call ---------------------------------
2025-10-09 20:01:53 [    INFO] heterodyne.core.initialization_optimizer: Applying initialization optimizations (initialization_optimizer.py:354)
PASSED                                                                   [ 10%]
heterodyne/tests/test_initialization_optimization.py::TestInitializationOptimizer::test_optimizer_initialization PASSED [ 10%]
heterodyne/tests/test_initialization_optimization.py::TestInitializationOptimizer::test_performance_report_generation PASSED [ 10%]
heterodyne/tests/test_ml_acceleration.py::TestMLOptimizationEdgeCases::test_prediction_with_untrained_model SKIPPED [ 10%]
heterodyne/tests/test_ml_acceleration.py::TestMLOptimizationEdgeCases::test_predictor_with_invalid_data SKIPPED [ 11%]
heterodyne/tests/test_ml_acceleration.py::TestMLOptimizationEdgeCases::test_empty_experimental_conditions SKIPPED [ 11%]
heterodyne/tests/test_ml_acceleration.py::TestMLOptimizationEdgeCases::test_ml_accelerator_error_handling SKIPPED [ 11%]
heterodyne/tests/test_ml_acceleration.py::TestMLAcceleratedOptimizer::test_accelerated_optimization_with_training SKIPPED [ 11%]
heterodyne/tests/test_ml_acceleration.py::TestMLAcceleratedOptimizer::test_predictor_training SKIPPED [ 11%]
heterodyne/tests/test_ml_acceleration.py::TestMLAcceleratedOptimizer::test_optimization_insights SKIPPED [ 11%]
heterodyne/tests/test_ml_acceleration.py::TestMLAcceleratedOptimizer::test_experiment_id_generation SKIPPED [ 11%]
heterodyne/tests/test_ml_acceleration.py::TestMLAcceleratedOptimizer::test_data_persistence SKIPPED [ 12%]
heterodyne/tests/test_ml_acceleration.py::TestMLAcceleratedOptimizer::test_ml_accelerated_optimizer_initialization SKIPPED [ 12%]
heterodyne/tests/test_ml_acceleration.py::TestMLAcceleratedOptimizer::test_accelerated_optimization_without_training SKIPPED [ 12%]
heterodyne/tests/test_ml_acceleration.py::TestTransferLearningPredictor::test_transfer_learning_initialization SKIPPED [ 12%]
heterodyne/tests/test_ml_acceleration.py::TestTransferLearningPredictor::test_transfer_learning_fitting SKIPPED [ 12%]
heterodyne/tests/test_ml_acceleration.py::TestTransferLearningPredictor::test_domain_similarity_computation SKIPPED [ 12%]
heterodyne/tests/test_ml_acceleration.py::TestTransferLearningPredictor::test_transfer_learning_domain_classification SKIPPED [ 13%]
heterodyne/tests/test_ml_acceleration.py::TestEnsembleOptimizationPredictor::test_ensemble_predictor_fitting SKIPPED [ 13%]
heterodyne/tests/test_ml_acceleration.py::TestEnsembleOptimizationPredictor::test_ensemble_predictor_prediction SKIPPED [ 13%]
heterodyne/tests/test_ml_acceleration.py::TestEnsembleOptimizationPredictor::test_feature_extraction SKIPPED [ 13%]
heterodyne/tests/test_ml_acceleration.py::TestEnsembleOptimizationPredictor::test_ensemble_predictor_initialization SKIPPED [ 13%]
heterodyne/tests/test_ml_acceleration.py::TestEnsembleOptimizationPredictor::test_ensemble_predictor_update SKIPPED [ 13%]
heterodyne/tests/test_ml_acceleration.py::TestEnsembleOptimizationPredictor::test_conditions_to_features SKIPPED [ 14%]
heterodyne/tests/test_ml_acceleration.py::TestEnsembleOptimizationPredictor::test_ensemble_predictor_insufficient_data SKIPPED [ 14%]
heterodyne/tests/test_ml_acceleration.py::TestMLIntegrationFunctions::test_get_ml_backend_info PASSED [ 14%]
heterodyne/tests/test_ml_acceleration.py::TestMLIntegrationFunctions::test_enhance_classical_optimizer_with_ml SKIPPED [ 14%]
heterodyne/tests/test_ml_acceleration.py::TestMLIntegrationFunctions::test_create_ml_accelerated_optimizer SKIPPED [ 14%]
heterodyne/tests/test_ml_acceleration.py::TestOptimizationRecord::test_optimization_record_creation PASSED [ 14%]
heterodyne/tests/test_ml_acceleration.py::TestOptimizationRecord::test_optimization_record_serialization 
-------------------------------- live log call ---------------------------------
2025-10-09 20:01:54 [    INFO] heterodyne.optimization.ml_acceleration: Securely loaded 1 optimization records from /var/folders/rq/lgpr8fvj349cr_wvkzv99md80000gp/T/tmprziohu4n.json (ml_acceleration.py:179)
PASSED                                                                   [ 14%]
heterodyne/tests/test_ml_acceleration.py::TestMLOptimizationPerformance::test_training_performance SKIPPED [ 15%]
heterodyne/tests/test_ml_acceleration.py::TestMLOptimizationPerformance::test_prediction_performance SKIPPED [ 15%]
heterodyne/tests/test_ml_acceleration.py::TestMLModelConfig::test_ml_model_config_custom PASSED [ 15%]
heterodyne/tests/test_ml_acceleration.py::TestMLModelConfig::test_ml_model_config_defaults PASSED [ 15%]
heterodyne/tests/test_lazy_loading.py::TestHeavyDependencyLoader::test_performance_monitoring PASSED [ 15%]
heterodyne/tests/test_lazy_loading.py::TestHeavyDependencyLoader::test_thread_safety PASSED [ 15%]
heterodyne/tests/test_lazy_loading.py::TestHeavyDependencyLoader::test_successful_module_loading PASSED [ 16%]
heterodyne/tests/test_lazy_loading.py::TestHeavyDependencyLoader::test_failed_loading_optional 
-------------------------------- live log call ---------------------------------
2025-10-09 20:01:54 [ WARNING] heterodyne.core.lazy_imports: Optional dependency 'nonexistent_module' not available: No module named 'nonexistent_module' (lazy_imports.py:203)
PASSED                                                                   [ 16%]
heterodyne/tests/test_lazy_loading.py::TestHeavyDependencyLoader::test_failed_loading_required 
-------------------------------- live log call ---------------------------------
2025-10-09 20:01:54 [   ERROR] heterodyne.core.lazy_imports: Failed to load required dependency 'nonexistent_module': No module named 'nonexistent_module' (lazy_imports.py:197)
PASSED                                                                   [ 16%]
heterodyne/tests/test_lazy_loading.py::TestHeavyDependencyLoader::test_module_attribute_loading PASSED [ 16%]
heterodyne/tests/test_lazy_loading.py::TestErrorHandling::test_import_error_handling 
-------------------------------- live log call ---------------------------------
2025-10-09 20:01:54 [ WARNING] heterodyne.core.lazy_imports: Optional dependency 'definitely_nonexistent_module' not available: No module named 'definitely_nonexistent_module' (lazy_imports.py:203)
PASSED                                                                   [ 16%]
heterodyne/tests/test_lazy_loading.py::TestErrorHandling::test_cache_key_uniqueness PASSED [ 16%]
heterodyne/tests/test_lazy_loading.py::TestErrorHandling::test_attribute_error_handling 
-------------------------------- live log call ---------------------------------
2025-10-09 20:01:54 [   ERROR] heterodyne.core.lazy_imports: Unexpected error loading 'math': module 'math' has no attribute 'nonexistent_function' (lazy_imports.py:210)
PASSED                                                                   [ 17%]
heterodyne/tests/test_lazy_loading.py::TestIntegrationWithMainPackage::test_lazy_loader_integration PASSED [ 17%]
heterodyne/tests/test_lazy_loading.py::TestIntegrationWithMainPackage::test_preload_function_integration PASSED [ 17%]
heterodyne/tests/test_lazy_loading.py::TestIntegrationWithMainPackage::test_startup_time_improvement PASSED [ 17%]
heterodyne/tests/test_lazy_loading.py::TestPerformanceMonitoring::test_preload_critical_dependencies PASSED [ 17%]
heterodyne/tests/test_lazy_loading.py::TestPerformanceMonitoring::test_import_performance_report PASSED [ 17%]
heterodyne/tests/test_lazy_loading.py::TestScientificDependencies::test_numba_fallback PASSED [ 17%]
heterodyne/tests/test_lazy_loading.py::TestScientificDependencies::test_scipy_availability PASSED [ 18%]
heterodyne/tests/test_lazy_loading.py::TestScientificDependencies::test_numpy_availability PASSED [ 18%]
heterodyne/tests/test_lazy_loading.py::TestBatchDependencyLoader::test_nonexistent_dependency_name PASSED [ 18%]
heterodyne/tests/test_lazy_loading.py::TestBatchDependencyLoader::test_availability_report PASSED [ 18%]
heterodyne/tests/test_lazy_loading.py::TestBatchDependencyLoader::test_get_dependency_by_name PASSED [ 18%]
heterodyne/tests/test_lazy_loading.py::TestBatchDependencyLoader::test_batch_loading PASSED [ 18%]
heterodyne/tests/test_classical_robust_methods.py::test_robust_optimization_imports PASSED [ 19%]
heterodyne/tests/test_classical_robust_methods.py::test_optimization_workflow PASSED [ 19%]
heterodyne/tests/test_classical_robust_methods.py::test_optimization_method_selection PASSED [ 19%]
heterodyne/tests/test_classical_robust_methods.py::test_classical_optimization_imports PASSED [ 19%]
heterodyne/tests/test_classical_robust_methods.py::test_core_parameter_estimation PASSED [ 19%]
heterodyne/tests/test_type_hint_modernization.py::TestTypeHintModernization::test_modernization_report_generation 
-------------------------------- live log call ---------------------------------
2025-10-09 20:01:55 [    INFO] heterodyne.tests.test_type_hint_modernization: Analyzing type hints across package (test_type_hint_modernization.py:305)
2025-10-09 20:01:58 [    INFO] heterodyne.tests.test_type_hint_modernization: Found 66 modernizable type hints (test_type_hint_modernization.py:342)
PASSED                                                                   [ 19%]
heterodyne/tests/test_type_hint_modernization.py::TestTypeHintModernization::test_optional_type_modernization PASSED [ 20%]
heterodyne/tests/test_type_hint_modernization.py::TestTypeHintModernization::test_package_analysis 
-------------------------------- live log call ---------------------------------
2025-10-09 20:01:58 [    INFO] heterodyne.tests.test_type_hint_modernization: Analyzing type hints across package (test_type_hint_modernization.py:305)
2025-10-09 20:02:00 [    INFO] heterodyne.tests.test_type_hint_modernization: Found 66 modernizable type hints (test_type_hint_modernization.py:342)
2025-10-09 20:02:00 [    INFO] heterodyne.tests.test_type_hint_modernization: Found 66 modernizable type hints (test_type_hint_modernization.py:595)
PASSED                                                                   [ 20%]
heterodyne/tests/test_type_hint_modernization.py::TestTypeHintModernization::test_generic_collection_modernization PASSED [ 20%]
heterodyne/tests/test_type_hint_modernization.py::TestTypeHintModernization::test_syntax_validation PASSED [ 20%]
heterodyne/tests/test_type_hint_modernization.py::TestTypeHintModernization::test_dry_run_modernization 
-------------------------------- live log call ---------------------------------
2025-10-09 20:02:00 [    INFO] heterodyne.tests.test_type_hint_modernization: Applying 5 type hint modernizations (dry_run=True) (test_type_hint_modernization.py:349)
PASSED                                                                   [ 20%]
heterodyne/tests/test_type_hint_modernization.py::TestTypeHintModernization::test_union_type_modernization PASSED [ 20%]
heterodyne/tests/test_heterodyne_correlation.py::TestHeterodyneIntegration::test_heterodyne_replaces_homodyne PASSED [ 20%]
heterodyne/tests/test_heterodyne_correlation.py::TestHeterodyneIntegration::test_backward_compatibility_broken PASSED [ 21%]
heterodyne/tests/test_heterodyne_correlation.py::TestHeterodyneIntegration::test_14_parameter_optimization PASSED [ 21%]
heterodyne/tests/test_heterodyne_correlation.py::TestHeterodyneCorrelationFunction::test_normalization_factor PASSED [ 21%]
heterodyne/tests/test_heterodyne_correlation.py::TestHeterodyneCorrelationFunction::test_physical_constraints PASSED [ 21%]
heterodyne/tests/test_heterodyne_correlation.py::TestHeterodyneCorrelationFunction::test_heterodyne_vs_homodyne_difference PASSED [ 21%]
heterodyne/tests/test_heterodyne_correlation.py::TestHeterodyneCorrelationFunction::test_correlation_symmetry PASSED [ 21%]
heterodyne/tests/test_heterodyne_correlation.py::TestHeterodyneCorrelationFunction::test_velocity_cross_correlation PASSED [ 22%]
heterodyne/tests/test_heterodyne_correlation.py::TestHeterodyneCorrelationFunction::test_diffusion_term_calculation PASSED [ 22%]
heterodyne/tests/test_heterodyne_correlation.py::TestHeterodyneCorrelationFunction::test_heterodyne_correlation_structure PASSED [ 22%]
heterodyne/tests/test_heterodyne_correlation.py::TestHeterodyneCorrelationFunction::test_parameter_count_validation PASSED [ 22%]
heterodyne/tests/test_heterodyne_correlation.py::TestHeterodyneCorrelationFunction::test_fraction_calculation PASSED [ 22%]
heterodyne/tests/test_advanced_optimization_utils.py::TestQuickSetupFunctions::test_quick_setup_distributed_optimization SKIPPED [ 22%]
heterodyne/tests/test_advanced_optimization_utils.py::TestQuickSetupFunctions::test_create_comprehensive_benchmark_suite PASSED [ 22%]
heterodyne/tests/test_advanced_optimization_utils.py::TestQuickSetupFunctions::test_quick_setup_ml_acceleration SKIPPED [ 23%]
heterodyne/tests/test_advanced_optimization_utils.py::test_advanced_utils_basic_imports PASSED [ 23%]
heterodyne/tests/test_advanced_optimization_utils.py::TestOptimizationBenchmark::test_performance_report_empty PASSED [ 23%]
heterodyne/tests/test_advanced_optimization_utils.py::TestOptimizationBenchmark::test_benchmark_initialization PASSED [ 23%]
heterodyne/tests/test_advanced_optimization_utils.py::TestOptimizationBenchmark::test_benchmark_lifecycle PASSED [ 23%]
heterodyne/tests/test_advanced_optimization_utils.py::TestOptimizationBenchmark::test_performance_report_with_data PASSED [ 23%]
heterodyne/tests/test_advanced_optimization_utils.py::TestOptimizationBenchmark::test_compare_optimizers PASSED [ 24%]
heterodyne/tests/test_advanced_optimization_utils.py::TestOptimizationConfig::test_optimization_config_file_loading 
-------------------------------- live log call ---------------------------------
2025-10-09 20:02:00 [    INFO] heterodyne.optimization.utils: Loaded configuration from /var/folders/rq/lgpr8fvj349cr_wvkzv99md80000gp/T/tmpjncmeqcq/test_config.json (utils.py:62)
PASSED                                                                   [ 24%]
heterodyne/tests/test_advanced_optimization_utils.py::TestOptimizationConfig::test_optimization_config_save 
-------------------------------- live log call ---------------------------------
2025-10-09 20:02:00 [    INFO] heterodyne.optimization.utils: Loaded configuration from /Users/b80985/Projects/heterodyne-analysis/heterodyne/config/template.json (utils.py:62)
2025-10-09 20:02:00 [    INFO] heterodyne.optimization.utils: Saved configuration to /var/folders/rq/lgpr8fvj349cr_wvkzv99md80000gp/T/tmprjz0w5ul/saved_config.json (utils.py:140)
PASSED                                                                   [ 24%]
heterodyne/tests/test_advanced_optimization_utils.py::TestOptimizationConfig::test_optimization_config_getters 
-------------------------------- live log call ---------------------------------
2025-10-09 20:02:00 [    INFO] heterodyne.optimization.utils: Loaded configuration from /Users/b80985/Projects/heterodyne-analysis/heterodyne/config/template.json (utils.py:62)
PASSED                                                                   [ 24%]
heterodyne/tests/test_advanced_optimization_utils.py::TestOptimizationConfig::test_optimization_config_initialization_default 
-------------------------------- live log call ---------------------------------
2025-10-09 20:02:00 [    INFO] heterodyne.optimization.utils: Loaded configuration from /Users/b80985/Projects/heterodyne-analysis/heterodyne/config/template.json (utils.py:62)
PASSED                                                                   [ 24%]
heterodyne/tests/test_advanced_optimization_utils.py::TestOptimizationConfig::test_optimization_config_nonexistent_file 
-------------------------------- live log call ---------------------------------
2025-10-09 20:02:00 [ WARNING] heterodyne.optimization.utils: Config file nonexistent_config.json not found, using defaults (utils.py:55)
2025-10-09 20:02:00 [    INFO] heterodyne.optimization.utils: Loaded configuration from /Users/b80985/Projects/heterodyne-analysis/heterodyne/config/template.json (utils.py:62)
PASSED                                                                   [ 24%]
heterodyne/tests/test_advanced_optimization_utils.py::TestLoggingSetup::test_setup_logging_for_optimization 
-------------------------------- live log call ---------------------------------
2025-10-09 20:02:00 [    INFO] heterodyne.optimization.utils: Configured logging for distributed and ML optimization (utils.py:692)
2025-10-09 20:02:00 [    INFO] heterodyne.optimization.utils: Configured logging for distributed and ML optimization (utils.py:692)
PASSED                                                                   [ 25%]
heterodyne/tests/test_advanced_optimization_utils.py::TestLoggingSetup::test_setup_logging_invalid_level PASSED [ 25%]
heterodyne/tests/test_advanced_optimization_utils.py::TestUtilityEdgeCases::test_system_resource_detector_with_mock_psutil PASSED [ 25%]
heterodyne/tests/test_advanced_optimization_utils.py::TestUtilityEdgeCases::test_optimization_config_with_empty_dict 
-------------------------------- live log call ---------------------------------
2025-10-09 20:02:00 [    INFO] heterodyne.optimization.utils: Loaded configuration from /Users/b80985/Projects/heterodyne-analysis/heterodyne/config/template.json (utils.py:62)
PASSED                                                                   [ 25%]
heterodyne/tests/test_advanced_optimization_utils.py::TestUtilityEdgeCases::test_benchmark_with_no_current_benchmark PASSED [ 25%]
heterodyne/tests/test_advanced_optimization_utils.py::TestValidationFunctions::test_validate_configuration_valid PASSED [ 25%]
heterodyne/tests/test_advanced_optimization_utils.py::TestValidationFunctions::test_validate_configuration_minimal PASSED [ 25%]
heterodyne/tests/test_advanced_optimization_utils.py::TestValidationFunctions::test_validate_configuration_invalid_values PASSED [ 26%]
heterodyne/tests/test_advanced_optimization_utils.py::TestValidationFunctions::test_validate_configuration_invalid_backend PASSED [ 26%]
heterodyne/tests/test_advanced_optimization_utils.py::TestSystemResourceDetector::test_optimize_configuration 
-------------------------------- live log call ---------------------------------
2025-10-09 20:02:00 [    INFO] heterodyne.optimization.utils: Optimized CPU-only configuration for system with 8 CPUs, 16.0GB RAM (utils.py:221)
PASSED                                                                   [ 26%]
heterodyne/tests/test_advanced_optimization_utils.py::TestSystemResourceDetector::test_detect_system_capabilities PASSED [ 26%]
heterodyne/tests/test_advanced_optimization_utils.py::TestSystemResourceDetector::test_optimize_configuration_low_resources 
-------------------------------- live log call ---------------------------------
2025-10-09 20:02:00 [    INFO] heterodyne.optimization.utils: Optimized CPU-only configuration for system with 2 CPUs, 2.0GB RAM (utils.py:221)
PASSED                                                                   [ 26%]
heterodyne/tests/test_advanced_optimization_utils.py::TestSystemResourceDetector::test_check_system_requirements PASSED [ 26%]
heterodyne/tests/test_simple_profiling.py::test_profiling_system PASSED  [ 27%]
heterodyne/tests/test_migration.py::TestMigrationGuide::test_generate_guide_for_11_param_config PASSED [ 27%]
heterodyne/tests/test_migration.py::TestMigrationGuide::test_generate_guide_for_7_param_config PASSED [ 27%]
heterodyne/tests/test_migration.py::TestMigrationGuide::test_generate_guide_for_static_config PASSED [ 27%]
heterodyne/tests/test_migration.py::TestConfigVersionDetection::test_detect_unknown_config PASSED [ 27%]
heterodyne/tests/test_migration.py::TestConfigVersionDetection::test_detect_3_param_static PASSED [ 27%]
heterodyne/tests/test_migration.py::TestConfigVersionDetection::test_detect_7_param_laminar PASSED [ 28%]
heterodyne/tests/test_migration.py::TestConfigVersionDetection::test_detect_11_param_heterodyne PASSED [ 28%]
heterodyne/tests/test_migration.py::TestConfigFileMigration::test_migrate_7_param_config_file 
-------------------------------- live log call ---------------------------------
2025-10-09 20:02:03 [    INFO] heterodyne.core.migration: Detected config version: 7-param-laminar (migration.py:179)
2025-10-09 20:02:03 [    INFO] heterodyne.core.migration: Migrated parameters from 7 to 14: [1324.1, -0.014, -0.674, 0.003, -0.909, 0.0, 0.0] -> [1324.1, -0.014, -0.674, 1324.1, -0.014, -0.674, 0.03, -0.909, 0.0, 0.5, 0.0, 50.0, 0.3, 0.0] (migration.py:211)
2025-10-09 20:02:03 [    INFO] heterodyne.core.migration: Saved migrated config to /private/var/folders/rq/lgpr8fvj349cr_wvkzv99md80000gp/T/pytest-of-b80985/pytest-93/test_migrate_7_param_config_fi0/migrated_config.json (migration.py:254)
PASSED                                                                   [ 28%]
heterodyne/tests/test_migration.py::TestConfigFileMigration::test_migrate_11_param_config_to_14 
-------------------------------- live log call ---------------------------------
2025-10-09 20:02:03 [    INFO] heterodyne.core.migration: Detected config version: 11-param-heterodyne (migration.py:179)
2025-10-09 20:02:03 [    INFO] heterodyne.core.migration: Migrated parameters from 11 to 14: [100.0, -0.5, 10.0, 0.1, 0.0, 0.01, 0.5, 0.0, 50.0, 0.3, 0.0] -> [100.0, -0.5, 10.0, 100.0, -0.5, 10.0, 0.1, 0.0, 0.01, 0.5, 0.0, 50.0, 0.3, 0.0] (migration.py:226)
PASSED                                                                   [ 28%]
heterodyne/tests/test_migration.py::TestConfigFileMigration::test_migrate_removes_static_mode_settings 
-------------------------------- live log call ---------------------------------
2025-10-09 20:02:03 [    INFO] heterodyne.core.migration: Detected config version: 3-param-static (migration.py:179)
2025-10-09 20:02:03 [    INFO] heterodyne.core.migration: Removed static_mode setting (migration.py:189)
2025-10-09 20:02:03 [    INFO] heterodyne.core.migration: Removed static_submode setting (migration.py:192)
PASSED                                                                   [ 28%]
heterodyne/tests/test_migration.py::TestParameterMigration::test_migrate_invalid_parameter_count PASSED [ 28%]
heterodyne/tests/test_migration.py::TestParameterMigration::test_migrate_7_to_11_parameters PASSED [ 28%]
heterodyne/tests/test_functionality_validation.py::TestConfigurationSystem::test_template_path_function PASSED [ 29%]
heterodyne/tests/test_functionality_validation.py::TestConfigurationSystem::test_config_template_access PASSED [ 29%]
heterodyne/tests/test_functionality_validation.py::TestConfigurationSystem::test_config_directory_access PASSED [ 29%]
heterodyne/tests/test_functionality_validation.py::TestCoreAPIAvailability::test_main_package_imports PASSED [ 29%]
heterodyne/tests/test_functionality_validation.py::TestCoreAPIAvailability::test_performance_monitoring_available PASSED [ 29%]
heterodyne/tests/test_functionality_validation.py::TestCoreAPIAvailability::test_computational_kernels_available PASSED [ 29%]
heterodyne/tests/test_functionality_validation.py::TestCoreAPIAvailability::test_configuration_utilities_available PASSED [ 30%]
heterodyne/tests/test_functionality_validation.py::TestCoreAPIAvailability::test_cli_functions_available PASSED [ 30%]
heterodyne/tests/test_functionality_validation.py::TestRealWorldUsage::test_concurrent_access 
-------------------------------- live log call ---------------------------------
2025-10-09 20:02:03 [    INFO] heterodyne.performance.simple_monitoring: Measuring startup time (2 iterations) (simple_monitoring.py:62)
2025-10-09 20:02:03 [    INFO] heterodyne.performance.simple_monitoring: Measuring startup time (2 iterations) (simple_monitoring.py:62)
2025-10-09 20:02:03 [    INFO] heterodyne.performance.simple_monitoring: Measuring startup time (2 iterations) (simple_monitoring.py:62)
2025-10-09 20:02:03 [    INFO] heterodyne.performance.simple_monitoring: Measuring startup time (2 iterations) (simple_monitoring.py:62)
2025-10-09 20:02:03 [    INFO] heterodyne.performance.simple_monitoring: Measuring startup time (2 iterations) (simple_monitoring.py:62)
2025-10-09 20:02:07 [    INFO] heterodyne.performance.simple_monitoring: Startup time: 1.353s (avg of 2 measurements) (simple_monitoring.py:137)
2025-10-09 20:02:07 [    INFO] heterodyne.performance.simple_monitoring: Startup time: 1.499s (avg of 2 measurements) (simple_monitoring.py:137)
2025-10-09 20:02:07 [    INFO] heterodyne.performance.simple_monitoring: Startup time: 1.444s (avg of 2 measurements) (simple_monitoring.py:137)
2025-10-09 20:02:07 [    INFO] heterodyne.performance.simple_monitoring: Startup time: 1.446s (avg of 2 measurements) (simple_monitoring.py:137)
2025-10-09 20:02:07 [    INFO] heterodyne.performance.simple_monitoring: Startup time: 1.489s (avg of 2 measurements) (simple_monitoring.py:137)
PASSED                                                                   [ 30%]
heterodyne/tests/test_functionality_validation.py::TestRealWorldUsage::test_repeated_imports PASSED [ 30%]
heterodyne/tests/test_functionality_validation.py::TestRealWorldUsage::test_import_in_subprocess PASSED [ 30%]
heterodyne/tests/test_functionality_validation.py::TestBackwardCompatibility::test_legacy_api_access PASSED [ 30%]
heterodyne/tests/test_functionality_validation.py::TestBackwardCompatibility::test_function_signatures_preserved PASSED [ 31%]
heterodyne/tests/test_functionality_validation.py::TestLazyLoadingFunctionality::test_lazy_loaded_modules_work PASSED [ 31%]
heterodyne/tests/test_functionality_validation.py::TestLazyLoadingFunctionality::test_kernel_functions_lazy_loading PASSED [ 31%]
heterodyne/tests/test_functionality_validation.py::TestLazyLoadingFunctionality::test_scientific_dependencies_lazy_loading PASSED [ 31%]
heterodyne/tests/test_functionality_validation.py::TestErrorHandling::test_lazy_loading_error_handling 
-------------------------------- live log call ---------------------------------
2025-10-09 20:02:09 [ WARNING] heterodyne.core.lazy_imports: Optional dependency 'nonexistent_module' not available: No module named 'nonexistent_module' (lazy_imports.py:203)
PASSED                                                                   [ 31%]
heterodyne/tests/test_functionality_validation.py::TestErrorHandling::test_missing_optional_dependencies_handled PASSED [ 31%]
heterodyne/tests/test_functionality_validation.py::TestErrorHandling::test_performance_monitoring_error_handling 
-------------------------------- live log call ---------------------------------
2025-10-09 20:02:09 [    INFO] heterodyne.performance.simple_monitoring: Measuring startup time (2 iterations) (simple_monitoring.py:62)
2025-10-09 20:02:11 [    INFO] heterodyne.performance.simple_monitoring: Startup time: 0.753s (avg of 2 measurements) (simple_monitoring.py:137)
PASSED                                                                   [ 31%]
heterodyne/tests/test_functionality_validation.py::TestCoreWorkflows::test_configuration_workflow PASSED [ 32%]
heterodyne/tests/test_functionality_validation.py::TestCoreWorkflows::test_basic_analysis_workflow PASSED [ 32%]
heterodyne/tests/test_functionality_validation.py::TestCoreWorkflows::test_optimization_workflow PASSED [ 32%]
heterodyne/tests/test_functionality_validation.py::TestPerformanceSystemIntegration::test_import_performance_report PASSED [ 32%]
heterodyne/tests/test_functionality_validation.py::TestPerformanceSystemIntegration::test_startup_optimization 
-------------------------------- live log call ---------------------------------
2025-10-09 20:02:11 [    INFO] heterodyne.core.initialization_optimizer: Optimizing module initialization order (initialization_optimizer.py:336)
2025-10-09 20:02:11 [    INFO] heterodyne.core.initialization_optimizer: Analyzing dependencies for heterodyne (initialization_optimizer.py:78)
2025-10-09 20:02:11 [    INFO] heterodyne.core.initialization_optimizer: Initialization Optimization Results: (initialization_optimizer.py:413)
2025-10-09 20:02:11 [    INFO] heterodyne.core.initialization_optimizer:   Total modules analyzed: 133 (initialization_optimizer.py:414)
2025-10-09 20:02:11 [    INFO] heterodyne.core.initialization_optimizer:   Critical path length: 87 (initialization_optimizer.py:415)
2025-10-09 20:02:11 [    INFO] heterodyne.core.initialization_optimizer:   Recommendations: 2 (initialization_optimizer.py:416)
2025-10-09 20:02:11 [    INFO] heterodyne.core.initialization_optimizer:     - Break circular dependencies with lazy imports (initialization_optimizer.py:419)
2025-10-09 20:02:11 [    INFO] heterodyne.core.initialization_optimizer:     - Consider splitting large modules for better modularity (initialization_optimizer.py:419)
2025-10-09 20:02:11 [    INFO] heterodyne.core.initialization_optimizer: Applying initialization optimizations (initialization_optimizer.py:354)
PASSED                                                                   [ 32%]
heterodyne/tests/test_functionality_validation.py::TestPerformanceSystemIntegration::test_performance_health_check 
-------------------------------- live log call ---------------------------------
2025-10-09 20:02:11 [    INFO] heterodyne.performance.simple_monitoring: Measuring startup time (2 iterations) (simple_monitoring.py:62)
2025-10-09 20:02:13 [    INFO] heterodyne.performance.simple_monitoring: Startup time: 0.744s (avg of 2 measurements) (simple_monitoring.py:137)
PASSED                                                                   [ 32%]
heterodyne/tests/test_functionality_validation.py::TestPerformanceSystemIntegration::test_baseline_establishment 
-------------------------------- live log call ---------------------------------
2025-10-09 20:02:13 [    INFO] heterodyne.performance.simple_monitoring: Measuring startup time (3 iterations) (simple_monitoring.py:62)
2025-10-09 20:02:15 [    INFO] heterodyne.performance.simple_monitoring: Startup time: 0.761s (avg of 3 measurements) (simple_monitoring.py:137)
2025-10-09 20:02:15 [    INFO] heterodyne.performance.simple_monitoring: Baseline 'test_validation' created: target 2.0s, current 0.761s (simple_monitoring.py:217)
PASSED                                                                   [ 33%]
heterodyne/tests/test_functionality_validation.py::TestModuleIntegrity::test_no_broken_imports_in_submodules PASSED [ 33%]
heterodyne/tests/test_functionality_validation.py::TestModuleIntegrity::test_circular_import_resolution PASSED [ 33%]
heterodyne/tests/test_functionality_validation.py::TestModuleIntegrity::test_all_exports_accessible PASSED [ 33%]
heterodyne/tests/test_functionality_validation.py::TestFullIntegrationWorkflow::test_complete_startup_to_analysis_workflow 
-------------------------------- live log call ---------------------------------
2025-10-09 20:02:15 [    INFO] heterodyne.performance.simple_monitoring: Measuring startup time (2 iterations) (simple_monitoring.py:62)
2025-10-09 20:02:17 [    INFO] heterodyne.performance.simple_monitoring: Startup time: 0.733s (avg of 2 measurements) (simple_monitoring.py:137)
PASSED                                                                   [ 33%]
heterodyne/tests/test_functionality_validation.py::TestSystemIntegration::test_cross_platform_compatibility 
-------------------------------- live log call ---------------------------------
2025-10-09 20:02:17 [    INFO] heterodyne.performance.simple_monitoring: Measuring startup time (2 iterations) (simple_monitoring.py:62)
2025-10-09 20:02:19 [    INFO] heterodyne.performance.simple_monitoring: Startup time: 0.743s (avg of 2 measurements) (simple_monitoring.py:137)
PASSED                                                                   [ 33%]
heterodyne/tests/test_functionality_validation.py::TestSystemIntegration::test_logging_configuration PASSED [ 34%]
heterodyne/tests/test_functionality_validation.py::TestSystemIntegration::test_environment_variable_handling 
-------------------------------- live log call ---------------------------------
2025-10-09 20:02:19 [    INFO] heterodyne.performance.simple_monitoring: Measuring startup time (2 iterations) (simple_monitoring.py:62)
2025-10-09 20:02:21 [    INFO] heterodyne.performance.simple_monitoring: Startup time: 0.745s (avg of 2 measurements) (simple_monitoring.py:137)
2025-10-09 20:02:21 [    INFO] heterodyne.performance.simple_monitoring: Measuring startup time (2 iterations) (simple_monitoring.py:62)
2025-10-09 20:02:23 [    INFO] heterodyne.performance.simple_monitoring: Startup time: 0.761s (avg of 2 measurements) (simple_monitoring.py:137)
PASSED                                                                   [ 34%]
heterodyne/tests/test_core_kernels.py::TestNumbaCoreKernels::test_sinc_squared_computation FAILED [ 34%]
heterodyne/tests/test_core_kernels.py::TestNumbaCoreKernels::test_complex_integration PASSED [ 34%]
heterodyne/tests/test_core_kernels.py::TestNumbaCoreKernels::test_numerical_stability PASSED [ 34%]
heterodyne/tests/test_scientific_validation.py::TestValidationAgainstTheory::test_pure_brownian_motion PASSED [ 34%]
heterodyne/tests/test_scientific_validation.py::TestValidationAgainstTheory::test_anomalous_diffusion_scaling PASSED [ 34%]
heterodyne/tests/test_scientific_validation.py::TestPhysicalLimits::test_zero_scattering_vector_limit PASSED [ 35%]
heterodyne/tests/test_scientific_validation.py::TestPhysicalLimits::test_long_time_limit PASSED [ 35%]
heterodyne/tests/test_scientific_validation.py::TestPhysicalLimits::test_high_shear_limit PASSED [ 35%]
heterodyne/tests/test_scientific_validation.py::TestPhysicalConsistency::test_shear_rate_behavior PASSED [ 35%]
heterodyne/tests/test_scientific_validation.py::TestPhysicalConsistency::test_static_limit_consistency PASSED [ 35%]
heterodyne/tests/test_scientific_validation.py::TestPhysicalConsistency::test_correlation_function_bounds PASSED [ 35%]
heterodyne/tests/test_scientific_validation.py::TestPhysicalConsistency::test_time_decay_monotonicity PASSED [ 36%]
heterodyne/tests/test_scientific_validation.py::TestPhysicalConsistency::test_angular_dependence_symmetry PASSED [ 36%]
heterodyne/tests/test_scientific_validation.py::TestPhysicalConsistency::test_diffusion_coefficient_positivity PASSED [ 36%]
heterodyne/tests/test_scientific_validation.py::TestErrorHandling::test_invalid_parameter_handling PASSED [ 36%]
heterodyne/tests/test_scientific_validation.py::TestErrorHandling::test_edge_case_time_values PASSED [ 36%]
heterodyne/tests/test_scientific_validation.py::TestMathematicalCorrectness::test_scaling_relations PASSED [ 36%]
heterodyne/tests/test_scientific_validation.py::TestMathematicalCorrectness::test_siegert_relation PASSED [ 37%]
heterodyne/tests/test_scientific_validation.py::TestMathematicalCorrectness::test_time_reversal_symmetry PASSED [ 37%]
heterodyne/tests/test_scientific_validation.py::TestMathematicalCorrectness::test_flow_anisotropy PASSED [ 37%]
heterodyne/tests/test_scientific_validation.py::TestCrossValidation::test_against_scipy_integration PASSED [ 37%]
heterodyne/tests/test_scientific_validation.py::TestCrossValidation::test_internal_consistency PASSED [ 37%]
heterodyne/tests/test_scientific_validation.py::TestNumericalAccuracy::test_reproducibility PASSED [ 37%]
heterodyne/tests/test_scientific_validation.py::TestNumericalAccuracy::test_numerical_stability_extreme_parameters PASSED [ 37%]
heterodyne/tests/test_scientific_validation.py::TestNumericalAccuracy::test_parameter_scaling_independence PASSED [ 38%]
heterodyne/tests/test_scientific_validation.py::TestNumericalAccuracy::test_integration_accuracy PASSED [ 38%]
heterodyne/tests/test_scientific_validation.py::TestNumericalAccuracy::test_sinc_function_accuracy PASSED [ 38%]
heterodyne/tests/test_refactored_integration.py::TestRefactoredRunAnalysis::test_config_override_refactored SKIPPED [ 38%]
heterodyne/tests/test_refactored_integration.py::TestRefactoredRunAnalysis::test_config_validation_refactored SKIPPED [ 38%]
heterodyne/tests/test_refactored_integration.py::TestCompositionFramework::test_result_monad_operations PASSED [ 38%]
heterodyne/tests/test_refactored_integration.py::TestCompositionFramework::test_pipeline_operations PASSED [ 39%]
heterodyne/tests/test_refactored_integration.py::TestCompositionFramework::test_workflow_components PASSED [ 39%]
heterodyne/tests/test_refactored_integration.py::TestRefactoredPlotting::test_subplot_configuration_refactored SKIPPED [ 39%]
heterodyne/tests/test_refactored_integration.py::TestRefactoredPlotting::test_colormap_processing_refactored SKIPPED [ 39%]
heterodyne/tests/test_refactored_integration.py::TestRefactoredCalculateChiSquared::test_angle_optimization_methods 
-------------------------------- live log call ---------------------------------
2025-10-09 20:02:25 [ WARNING] heterodyne.core.config: Security validation failed: Failed to load configuration: Invalid configuration structure (config.py:408)
2025-10-09 20:02:25 [    INFO] heterodyne.core.config: Falling back to standard loading... (config.py:409)
2025-10-09 20:02:25 [    INFO] heterodyne.core.config: Configuration loaded from: /var/folders/rq/lgpr8fvj349cr_wvkzv99md80000gp/T/tmpnf4v2l_a.json (config.py:462)
2025-10-09 20:02:25 [    INFO] heterodyne.analysis.core: HeterodyneAnalysis Core initialized: (core.py:463)
2025-10-09 20:02:25 [    INFO] heterodyne.analysis.core:   • Frames: 1-11 (11 frames) (core.py:464)
2025-10-09 20:02:25 [    INFO] heterodyne.analysis.core:   • Time step: 0.1 s/frame (core.py:469)
2025-10-09 20:02:25 [    INFO] heterodyne.analysis.core:   • Wavevector: 0.005000 A^-1 (core.py:470)
2025-10-09 20:02:25 [    INFO] heterodyne.analysis.core:   • Gap size: 200.0 um (core.py:471)
2025-10-09 20:02:25 [    INFO] heterodyne.analysis.core:   • Threads: 8 (core.py:472)
2025-10-09 20:02:25 [    INFO] heterodyne.analysis.core:   • Optimizations: Numba JIT (core.py:474)
PASSED                                                                   [ 39%]
heterodyne/tests/test_refactored_integration.py::TestRefactoredCalculateChiSquared::test_chi_squared_calculation_accuracy 
-------------------------------- live log call ---------------------------------
2025-10-09 20:02:25 [    INFO] heterodyne.core.config: Secure configuration loaded from: /var/folders/rq/lgpr8fvj349cr_wvkzv99md80000gp/T/tmp2_lriupl.json (config.py:404)
2025-10-09 20:02:25 [    INFO] heterodyne.core.config: Configuration validated: frames 1-11 (11 frames) (config.py:593)
2025-10-09 20:02:25 [    INFO] heterodyne.analysis.core: HeterodyneAnalysis Core initialized: (core.py:463)
2025-10-09 20:02:25 [    INFO] heterodyne.analysis.core:   • Frames: 1-11 (11 frames) (core.py:464)
2025-10-09 20:02:25 [    INFO] heterodyne.analysis.core:   • Time step: 0.1 s/frame (core.py:469)
2025-10-09 20:02:25 [    INFO] heterodyne.analysis.core:   • Wavevector: 0.005000 A^-1 (core.py:470)
2025-10-09 20:02:25 [    INFO] heterodyne.analysis.core:   • Gap size: 200.0 um (core.py:471)
2025-10-09 20:02:25 [    INFO] heterodyne.analysis.core:   • Threads: 8 (core.py:472)
2025-10-09 20:02:25 [    INFO] heterodyne.analysis.core:   • Optimizations: Numba JIT (core.py:474)
PASSED                                                                   [ 39%]
heterodyne/tests/test_refactored_integration.py::TestRefactoredOptimization::test_gurobi_options_refactored PASSED [ 40%]
heterodyne/tests/test_refactored_integration.py::TestRefactoredOptimization::test_gradient_estimation_refactored PASSED [ 40%]
heterodyne/tests/test_14_parameter_system.py::Test14ParameterDefaults::test_default_14_parameter_values PASSED [ 40%]
heterodyne/tests/test_14_parameter_system.py::Test14ParameterDefaults::test_parameter_names_metadata PASSED [ 40%]
heterodyne/tests/test_14_parameter_system.py::Test14ParameterBackwardCompatibility::test_7_parameter_config_rejected PASSED [ 40%]
heterodyne/tests/test_14_parameter_system.py::Test14ParameterBackwardCompatibility::test_11_parameter_config_rejected PASSED [ 40%]
heterodyne/tests/test_14_parameter_system.py::Test14ParameterBackwardCompatibility::test_migration_guidance_for_legacy_params PASSED [ 40%]
heterodyne/tests/test_14_parameter_system.py::Test14ParameterIO::test_load_14_parameters_from_json PASSED [ 41%]
heterodyne/tests/test_14_parameter_system.py::Test14ParameterIO::test_save_14_parameters_to_json PASSED [ 41%]
heterodyne/tests/test_14_parameter_system.py::Test14ParameterValidation::test_parameter_array_shapes PASSED [ 41%]
heterodyne/tests/test_14_parameter_system.py::Test14ParameterValidation::test_14_parameter_count_validation PASSED [ 41%]
heterodyne/tests/test_14_parameter_system.py::Test14ParameterValidation::test_physical_constraints PASSED [ 41%]
heterodyne/tests/test_14_parameter_system.py::Test14ParameterValidation::test_parameter_bounds_structure PASSED [ 41%]
heterodyne/tests/test_14_parameter_system.py::Test14ParameterOptimization::test_default_14_parameter_fallback PASSED [ 42%]
heterodyne/tests/test_14_parameter_system.py::Test14ParameterOptimization::test_optimizer_accepts_14_parameters 
-------------------------------- live log call ---------------------------------
2025-10-09 20:02:26 [ WARNING] heterodyne.core.config: Security validation failed: Failed to load configuration: Invalid configuration structure (config.py:408)
2025-10-09 20:02:26 [    INFO] heterodyne.core.config: Falling back to standard loading... (config.py:409)
2025-10-09 20:02:26 [    INFO] heterodyne.core.config: Configuration loaded from: /private/var/folders/rq/lgpr8fvj349cr_wvkzv99md80000gp/T/pytest-of-b80985/pytest-93/test_optimizer_accepts_14_para0/heterodyne_14param.json (config.py:462)
2025-10-09 20:02:26 [ WARNING] heterodyne.core.config: Security validation failed: Failed to load configuration: Invalid configuration structure (config.py:408)
2025-10-09 20:02:26 [    INFO] heterodyne.core.config: Falling back to standard loading... (config.py:409)
2025-10-09 20:02:26 [    INFO] heterodyne.core.config: Configuration loaded from: /private/var/folders/rq/lgpr8fvj349cr_wvkzv99md80000gp/T/pytest-of-b80985/pytest-93/test_optimizer_accepts_14_para0/heterodyne_14param.json (config.py:462)
2025-10-09 20:02:26 [    INFO] heterodyne.analysis.core: HeterodyneAnalysis Core initialized: (core.py:463)
2025-10-09 20:02:26 [    INFO] heterodyne.analysis.core:   • Frames: 0-100 (101 frames) (core.py:464)
2025-10-09 20:02:26 [    INFO] heterodyne.analysis.core:   • Time step: 0.1 s/frame (core.py:469)
2025-10-09 20:02:26 [    INFO] heterodyne.analysis.core:   • Wavevector: 0.005400 A^-1 (core.py:470)
2025-10-09 20:02:26 [    INFO] heterodyne.analysis.core:   • Gap size: 200.0 um (core.py:471)
2025-10-09 20:02:26 [    INFO] heterodyne.analysis.core:   • Threads: 8 (core.py:472)
2025-10-09 20:02:26 [    INFO] heterodyne.analysis.core:   • Optimizations: Numba JIT (core.py:474)
PASSED                                                                   [ 42%]
heterodyne/tests/test_14_parameter_system.py::Test14ParameterBounds::test_log_space_transformation PASSED [ 42%]
heterodyne/tests/test_14_parameter_system.py::Test14ParameterBounds::test_parameter_bounds_coverage PASSED [ 42%]
heterodyne/tests/test_14_parameter_system.py::Test14ParameterBounds::test_parameter_scaling PASSED [ 42%]
heterodyne/tests/test_advanced_import_tooling.py::TestWorkflowIntegration::test_metrics_collection_setup 
-------------------------------- live log call ---------------------------------
2025-10-09 20:02:26 [    INFO] import_workflow_integrator: [OK] Metrics collection configured (import_workflow_integrator.py:705)
PASSED                                                                   [ 42%]
heterodyne/tests/test_advanced_import_tooling.py::TestWorkflowIntegration::test_github_actions_setup 
-------------------------------- live log call ---------------------------------
2025-10-09 20:02:26 [    INFO] import_workflow_integrator: [OK] GitHub Actions workflows configured (import_workflow_integrator.py:262)
PASSED                                                                   [ 42%]
heterodyne/tests/test_advanced_import_tooling.py::TestWorkflowIntegration::test_vscode_integration_setup 
-------------------------------- live log call ---------------------------------
2025-10-09 20:02:26 [   ERROR] import_workflow_integrator: Failed to setup PyCharm integration: [Errno 2] No such file or directory: '/var/folders/rq/lgpr8fvj349cr_wvkzv99md80000gp/T/tmp2nbcrsdp/.import_integration/pycharm_external_tools.xml' (import_workflow_integrator.py:679)
2025-10-09 20:02:26 [    INFO] import_workflow_integrator: [OK] IDE integration configured (import_workflow_integrator.py:499)
PASSED                                                                   [ 43%]
heterodyne/tests/test_advanced_import_tooling.py::TestWorkflowIntegration::test_full_integration_setup 
-------------------------------- live log call ---------------------------------
2025-10-09 20:02:26 [    INFO] import_workflow_integrator: Setting up comprehensive import workflow integration... (import_workflow_integrator.py:83)
2025-10-09 20:02:26 [    INFO] import_workflow_integrator: [OK] Pre-commit hooks installed successfully (import_workflow_integrator.py:143)
2025-10-09 20:02:26 [    INFO] import_workflow_integrator: [OK] GitHub Actions workflows configured (import_workflow_integrator.py:262)
2025-10-09 20:02:26 [    INFO] import_workflow_integrator: [OK] IDE integration configured (import_workflow_integrator.py:499)
2025-10-09 20:02:26 [    INFO] import_workflow_integrator: [OK] Metrics collection configured (import_workflow_integrator.py:705)
2025-10-09 20:02:26 [    INFO] import_workflow_integrator: [OK] Import monitoring configured (import_workflow_integrator.py:965)
2025-10-09 20:02:26 [    INFO] import_workflow_integrator: [INFO] Integration report generated: /var/folders/rq/lgpr8fvj349cr_wvkzv99md80000gp/T/tmpbnf910x4/.import_integration/integration_report.md (import_workflow_integrator.py:1164)
PASSED                                                                   [ 43%]
heterodyne/tests/test_advanced_import_tooling.py::TestWorkflowIntegration::test_pre_commit_hook_setup 
-------------------------------- live log call ---------------------------------
2025-10-09 20:02:26 [    INFO] import_workflow_integrator: [OK] Pre-commit hooks installed successfully (import_workflow_integrator.py:143)
PASSED                                                                   [ 43%]
heterodyne/tests/test_advanced_import_tooling.py::test_performance_benchmarks 
-------------------------------- live log call ---------------------------------
2025-10-09 20:02:26 [    INFO] import_analyzer: Found 20 Python files (import_analyzer.py:487)
2025-10-09 20:02:26 [    INFO] import_analyzer: Analyzing 20 Python files... (import_analyzer.py:588)
2025-10-09 20:02:26 [    INFO] import_analyzer: Analysis complete: 20 files processed (import_analyzer.py:597)
2025-10-09 20:02:26 [    INFO] import_analyzer: Found 80 unused imports across 20 files (import_analyzer.py:697)
PASSED                                                                   [ 43%]
heterodyne/tests/test_advanced_import_tooling.py::TestEnterpriseImportAnalyzer::test_optimization_suggestions 
-------------------------------- live log setup --------------------------------
2025-10-09 20:02:26 [    INFO] import_analyzer: Found 4 Python files (import_analyzer.py:487)
-------------------------------- live log call ---------------------------------
2025-10-09 20:02:26 [    INFO] import_analyzer: Analyzing 4 Python files... (import_analyzer.py:588)
2025-10-09 20:02:26 [    INFO] import_analyzer: Analysis complete: 4 files processed (import_analyzer.py:597)
PASSED                                                                   [ 43%]
heterodyne/tests/test_advanced_import_tooling.py::TestEnterpriseImportAnalyzer::test_external_tool_integration 
-------------------------------- live log setup --------------------------------
2025-10-09 20:02:26 [    INFO] import_analyzer: Found 4 Python files (import_analyzer.py:487)
PASSED                                                                   [ 43%]
heterodyne/tests/test_advanced_import_tooling.py::TestEnterpriseImportAnalyzer::test_caching_functionality 
-------------------------------- live log setup --------------------------------
2025-10-09 20:02:26 [    INFO] import_analyzer: Found 4 Python files (import_analyzer.py:487)
-------------------------------- live log call ---------------------------------
2025-10-09 20:02:26 [    INFO] import_analyzer: Analyzing 4 Python files... (import_analyzer.py:588)
2025-10-09 20:02:26 [    INFO] import_analyzer: Analysis complete: 4 files processed (import_analyzer.py:597)
2025-10-09 20:02:26 [    INFO] import_analyzer: Analyzing 4 Python files... (import_analyzer.py:588)
2025-10-09 20:02:26 [    INFO] import_analyzer: Analysis complete: 4 files processed (import_analyzer.py:597)
PASSED                                                                   [ 44%]
heterodyne/tests/test_advanced_import_tooling.py::TestEnterpriseImportAnalyzer::test_comprehensive_analysis 
-------------------------------- live log setup --------------------------------
2025-10-09 20:02:26 [    INFO] import_analyzer: Found 4 Python files (import_analyzer.py:487)
-------------------------------- live log call ---------------------------------
2025-10-09 20:02:26 [    INFO] import_analyzer: Analyzing 4 Python files... (import_analyzer.py:588)
2025-10-09 20:02:26 [    INFO] import_analyzer: Analysis complete: 4 files processed (import_analyzer.py:597)
PASSED                                                                   [ 44%]
heterodyne/tests/test_advanced_import_tooling.py::TestEnterpriseImportAnalyzer::test_unused_import_detection 
-------------------------------- live log setup --------------------------------
2025-10-09 20:02:26 [    INFO] import_analyzer: Found 4 Python files (import_analyzer.py:487)
-------------------------------- live log call ---------------------------------
2025-10-09 20:02:26 [    INFO] import_analyzer: Analyzing 4 Python files... (import_analyzer.py:588)
2025-10-09 20:02:26 [    INFO] import_analyzer: Analysis complete: 4 files processed (import_analyzer.py:597)
2025-10-09 20:02:26 [    INFO] import_analyzer: Found 3 unused imports across 2 files (import_analyzer.py:697)
PASSED                                                                   [ 44%]
heterodyne/tests/test_advanced_import_tooling.py::TestIntegrationWithRealAnalyzer::test_safety_checker_with_real_git PASSED [ 44%]
heterodyne/tests/test_advanced_import_tooling.py::TestIntegrationWithRealAnalyzer::test_external_tool_validation 
-------------------------------- live log call ---------------------------------
2025-10-09 20:02:27 [    INFO] import_analyzer: Found 87 Python files (import_analyzer.py:487)
PASSED                                                                   [ 44%]
heterodyne/tests/test_advanced_import_tooling.py::TestIntegrationWithRealAnalyzer::test_real_package_analysis 
-------------------------------- live log call ---------------------------------
2025-10-09 20:02:28 [    INFO] import_analyzer: Found 87 Python files (import_analyzer.py:487)
2025-10-09 20:02:28 [    INFO] import_analyzer: Analyzing 5 Python files... (import_analyzer.py:588)
2025-10-09 20:02:28 [    INFO] import_analyzer: Analysis complete: 5 files processed (import_analyzer.py:597)
2025-10-09 20:02:28 [    INFO] import_analyzer: Found 3 unused imports across 2 files (import_analyzer.py:697)
PASSED                                                                   [ 44%]
heterodyne/tests/test_advanced_import_tooling.py::TestSafetyChecker::test_git_status_check PASSED [ 45%]
heterodyne/tests/test_advanced_import_tooling.py::TestSafetyChecker::test_backup_creation 
-------------------------------- live log call ---------------------------------
2025-10-09 20:02:28 [    INFO] heterodyne.tests.import_analyzer: Backup created at: /var/folders/rq/lgpr8fvj349cr_wvkzv99md80000gp/T/tmp6rrekfxu/.import_cleanup_backup_20251009_200228 (import_analyzer.py:386)
PASSED                                                                   [ 45%]
heterodyne/tests/test_advanced_import_tooling.py::TestSafetyChecker::test_syntax_verification PASSED [ 45%]
heterodyne/tests/test_advanced_import_tooling.py::TestSafetyChecker::test_import_safety_assessment PASSED [ 45%]
heterodyne/tests/test_advanced_import_tooling.py::TestEndToEndWorkflow::test_complete_analysis_and_cleanup_workflow 
-------------------------------- live log call ---------------------------------
2025-10-09 20:02:28 [    INFO] import_workflow_integrator: Setting up comprehensive import workflow integration... (import_workflow_integrator.py:83)
2025-10-09 20:02:29 [    INFO] import_workflow_integrator: [OK] Pre-commit hooks installed successfully (import_workflow_integrator.py:143)
2025-10-09 20:02:29 [    INFO] import_workflow_integrator: [OK] GitHub Actions workflows configured (import_workflow_integrator.py:262)
2025-10-09 20:02:29 [    INFO] import_workflow_integrator: [OK] IDE integration configured (import_workflow_integrator.py:499)
2025-10-09 20:02:29 [    INFO] import_workflow_integrator: [OK] Metrics collection configured (import_workflow_integrator.py:705)
2025-10-09 20:02:29 [    INFO] import_workflow_integrator: [OK] Import monitoring configured (import_workflow_integrator.py:965)
2025-10-09 20:02:29 [    INFO] import_workflow_integrator: [INFO] Integration report generated: /var/folders/rq/lgpr8fvj349cr_wvkzv99md80000gp/T/tmp8dt0ha1o/.import_integration/integration_report.md (import_workflow_integrator.py:1164)
2025-10-09 20:02:29 [    INFO] import_analyzer: Found 1 Python files (import_analyzer.py:487)
2025-10-09 20:02:29 [    INFO] import_analyzer: Analyzing 1 Python files... (import_analyzer.py:588)
2025-10-09 20:02:29 [    INFO] import_analyzer: Analysis complete: 1 files processed (import_analyzer.py:597)
2025-10-09 20:02:29 [    INFO] import_analyzer: Found 2 unused imports across 1 files (import_analyzer.py:697)
PASSED                                                                   [ 45%]
heterodyne/tests/test_advanced_import_tooling.py::TestEndToEndWorkflow::test_metrics_collection_workflow 
-------------------------------- live log call ---------------------------------
2025-10-09 20:02:29 [    INFO] import_workflow_integrator: [OK] Metrics collection configured (import_workflow_integrator.py:705)
PASSED                                                                   [ 45%]
heterodyne/tests/test_advanced_import_tooling.py::TestEndToEndWorkflow::test_cross_validation_workflow 
-------------------------------- live log call ---------------------------------
2025-10-09 20:02:29 [    INFO] import_analyzer: Found 1 Python files (import_analyzer.py:487)
2025-10-09 20:02:29 [    INFO] import_analyzer: Analyzing 1 Python files... (import_analyzer.py:588)
2025-10-09 20:02:29 [    INFO] import_analyzer: Analysis complete: 1 files processed (import_analyzer.py:597)
2025-10-09 20:02:29 [    INFO] import_analyzer: Found 2 unused imports across 1 files (import_analyzer.py:697)
PASSED                                                                   [ 45%]
heterodyne/tests/test_advanced_import_tooling.py::TestAdvancedImportAnalyzer::test_conditional_and_lazy_import_detection PASSED [ 46%]
heterodyne/tests/test_advanced_import_tooling.py::TestAdvancedImportAnalyzer::test_enhanced_pattern_detection PASSED [ 46%]
heterodyne/tests/test_advanced_import_tooling.py::TestAdvancedImportAnalyzer::test_type_annotation_vs_runtime_usage PASSED [ 46%]
heterodyne/tests/test_advanced_import_tooling.py::TestAdvancedImportAnalyzer::test_star_import_handling PASSED [ 46%]
heterodyne/tests/test_cli_method_validation.py::TestShellCompletion::test_completion_methods_exclude_mcmc PASSED [ 46%]
heterodyne/tests/test_cli_method_validation.py::TestShellCompletion::test_argcomplete_excludes_mcmc PASSED [ 46%]
heterodyne/tests/test_cli_method_validation.py::TestCLIHelp::test_help_text_excludes_mcmc_references PASSED [ 47%]
heterodyne/tests/test_cli_method_validation.py::TestCLIMethodValidation::test_invalid_method_rejected PASSED [ 47%]
heterodyne/tests/test_cli_method_validation.py::TestCLIMethodValidation::test_valid_methods_accepted PASSED [ 47%]
heterodyne/tests/test_cli_method_validation.py::TestCLIMethodValidation::test_method_choices_exclude_mcmc PASSED [ 47%]
heterodyne/tests/test_cli_method_validation.py::TestCLIMethodValidation::test_default_method_is_classical PASSED [ 47%]
heterodyne/tests/test_cli_method_validation.py::TestIntegrationScenarios::test_method_all_behavior_change PASSED [ 47%]
heterodyne/tests/test_cli_method_validation.py::TestIntegrationScenarios::test_command_line_parsing_integration PASSED [ 48%]
heterodyne/tests/test_complexity_analysis_tooling.py::TestAdvancedComplexityAnalysis::test_complexity_visitor_metrics PASSED [ 48%]
heterodyne/tests/test_complexity_analysis_tooling.py::TestAdvancedComplexityAnalysis::test_package_complexity_analysis 
-------------------------------- live log call ---------------------------------
2025-10-09 20:02:29 [    INFO] heterodyne.tests.test_complexity_analysis_tooling: Starting comprehensive complexity analysis (test_complexity_analysis_tooling.py:94)
2025-10-09 20:02:59 [    INFO] heterodyne.tests.test_complexity_analysis_tooling: Analyzed 2714 functions across 143 files (test_complexity_analysis_tooling.py:145)
PASSED                                                                   [ 48%]
heterodyne/tests/test_complexity_analysis_tooling.py::TestAdvancedComplexityAnalysis::test_refactoring_plan_generation 
-------------------------------- live log call ---------------------------------
2025-10-09 20:02:59 [    INFO] heterodyne.tests.test_complexity_analysis_tooling: Starting comprehensive complexity analysis (test_complexity_analysis_tooling.py:94)
2025-10-09 20:03:29 [    INFO] heterodyne.tests.test_complexity_analysis_tooling: Analyzed 2714 functions across 143 files (test_complexity_analysis_tooling.py:145)
PASSED                                                                   [ 48%]
heterodyne/tests/test_complexity_analysis_tooling.py::TestAdvancedComplexityAnalysis::test_baseline_establishment 
-------------------------------- live log call ---------------------------------
2025-10-09 20:03:29 [    INFO] heterodyne.tests.test_complexity_analysis_tooling: Establishing complexity baseline: test_baseline_task_3_2 (test_complexity_analysis_tooling.py:326)
2025-10-09 20:03:29 [    INFO] heterodyne.tests.test_complexity_analysis_tooling: Starting comprehensive complexity analysis (test_complexity_analysis_tooling.py:94)
2025-10-09 20:03:59 [    INFO] heterodyne.tests.test_complexity_analysis_tooling: Analyzed 2714 functions across 143 files (test_complexity_analysis_tooling.py:145)
2025-10-09 20:03:59 [    INFO] heterodyne.tests.test_complexity_analysis_tooling: Baseline saved to complexity_baseline_test_baseline_task_3_2.json (test_complexity_analysis_tooling.py:355)
PASSED                                                                   [ 48%]
heterodyne/tests/test_complexity_analysis_tooling.py::TestAdvancedComplexityAnalysis::test_complexity_analyzer_initialization PASSED [ 48%]
heterodyne/tests/test_complexity_analysis_tooling.py::TestAdvancedComplexityAnalysis::test_complexity_report_generation 
-------------------------------- live log call ---------------------------------
2025-10-09 20:03:59 [    INFO] heterodyne.tests.test_complexity_analysis_tooling: Starting comprehensive complexity analysis (test_complexity_analysis_tooling.py:94)
2025-10-09 20:04:29 [    INFO] heterodyne.tests.test_complexity_analysis_tooling: Analyzed 2714 functions across 143 files (test_complexity_analysis_tooling.py:145)
PASSED                                                                   [ 48%]
heterodyne/tests/test_import_verification.py::TestImportVerification::test_critical_imports_are_fast 
-------------------------------- live log call ---------------------------------
2025-10-09 20:04:30 [    INFO] heterodyne.core.initialization_optimizer: Optimizing module initialization order (initialization_optimizer.py:336)
2025-10-09 20:04:30 [    INFO] heterodyne.core.initialization_optimizer: Analyzing dependencies for heterodyne (initialization_optimizer.py:78)
2025-10-09 20:04:30 [    INFO] heterodyne.core.initialization_optimizer: Initialization Optimization Results: (initialization_optimizer.py:413)
2025-10-09 20:04:30 [    INFO] heterodyne.core.initialization_optimizer:   Total modules analyzed: 133 (initialization_optimizer.py:414)
2025-10-09 20:04:30 [    INFO] heterodyne.core.initialization_optimizer:   Critical path length: 87 (initialization_optimizer.py:415)
2025-10-09 20:04:30 [    INFO] heterodyne.core.initialization_optimizer:   Recommendations: 2 (initialization_optimizer.py:416)
2025-10-09 20:04:30 [    INFO] heterodyne.core.initialization_optimizer:     - Break circular dependencies with lazy imports (initialization_optimizer.py:419)
2025-10-09 20:04:30 [    INFO] heterodyne.core.initialization_optimizer:     - Consider splitting large modules for better modularity (initialization_optimizer.py:419)
2025-10-09 20:04:30 [    INFO] heterodyne.core.initialization_optimizer: Applying initialization optimizations (initialization_optimizer.py:354)
PASSED                                                                   [ 49%]
heterodyne/tests/test_import_verification.py::TestImportVerification::test_import_structure_consistency PASSED [ 49%]
heterodyne/tests/test_import_verification.py::TestImportVerification::test_no_unused_imports PASSED [ 49%]
heterodyne/tests/test_import_verification.py::TestImportVerification::test_lazy_loading_effectiveness 
-------------------------------- live log call ---------------------------------
2025-10-09 20:04:31 [    INFO] heterodyne.core.initialization_optimizer: Optimizing module initialization order (initialization_optimizer.py:336)
2025-10-09 20:04:31 [    INFO] heterodyne.core.initialization_optimizer: Analyzing dependencies for heterodyne (initialization_optimizer.py:78)
2025-10-09 20:04:31 [    INFO] heterodyne.core.initialization_optimizer: Initialization Optimization Results: (initialization_optimizer.py:413)
2025-10-09 20:04:31 [    INFO] heterodyne.core.initialization_optimizer:   Total modules analyzed: 133 (initialization_optimizer.py:414)
2025-10-09 20:04:31 [    INFO] heterodyne.core.initialization_optimizer:   Critical path length: 87 (initialization_optimizer.py:415)
2025-10-09 20:04:31 [    INFO] heterodyne.core.initialization_optimizer:   Recommendations: 2 (initialization_optimizer.py:416)
2025-10-09 20:04:31 [    INFO] heterodyne.core.initialization_optimizer:     - Break circular dependencies with lazy imports (initialization_optimizer.py:419)
2025-10-09 20:04:31 [    INFO] heterodyne.core.initialization_optimizer:     - Consider splitting large modules for better modularity (initialization_optimizer.py:419)
2025-10-09 20:04:31 [    INFO] heterodyne.core.initialization_optimizer: Applying initialization optimizations (initialization_optimizer.py:354)
2025-10-09 20:04:31 [    INFO] heterodyne.core.security_performance: Initializing security performance system... (security_performance.py:693)
2025-10-09 20:04:31 [    INFO] heterodyne.core.security_performance: Security configuration: {'max_file_size': 10737418240, 'max_memory_usage': 0.8, 'rate_limit_window': 60, 'max_requests_per_window': 1000, 'secure_temp_cleanup_interval': 300, 'crypto_key_rotation_interval': 86400, 'session_timeout': 3600} (security_performance.py:701)
2025-10-09 20:04:31 [    INFO] heterodyne.core.security_performance: Security performance system initialized (security_performance.py:703)
2025-10-09 20:04:31 [    INFO] heterodyne.core.initialization_optimizer: Optimizing module initialization order (initialization_optimizer.py:336)
2025-10-09 20:04:31 [    INFO] heterodyne.core.initialization_optimizer: Analyzing dependencies for heterodyne (initialization_optimizer.py:78)
2025-10-09 20:04:31 [    INFO] heterodyne.core.initialization_optimizer: Initialization Optimization Results: (initialization_optimizer.py:413)
2025-10-09 20:04:31 [    INFO] heterodyne.core.initialization_optimizer:   Total modules analyzed: 133 (initialization_optimizer.py:414)
2025-10-09 20:04:31 [    INFO] heterodyne.core.initialization_optimizer:   Critical path length: 87 (initialization_optimizer.py:415)
2025-10-09 20:04:31 [    INFO] heterodyne.core.initialization_optimizer:   Recommendations: 2 (initialization_optimizer.py:416)
2025-10-09 20:04:31 [    INFO] heterodyne.core.initialization_optimizer:     - Break circular dependencies with lazy imports (initialization_optimizer.py:419)
[...]
heterodyne/core/analysis.py                          327    290     86      0   8.96%   66-68, 84-86, 131-173, 191-203, 213-245, 307-486, 509-547, 590-642, 664-697, 703-720, 757-825, 846-920, 924-927, 940-945, 961-1012, 1027, 1031, 1068-1083, 1115-1145
heterodyne/cli/simulation.py                         163    144     14      0  10.73%   34-50, 69, 86-127, 158-224, 241-257, 277-294, 319-342, 363-381, 398-457, 496-530, 562-579
heterodyne/core/result_memoization.py                334    285     90      0  11.56%   92-116, 128-135, 139-143, 162-187, 191-194, 198-202, 220-290, 306-336, 340-381, 385, 406-441, 457-459, 463-480, 518-546, 550-566, 570-572, 592-600, 604-605, 637-662, 688-775, 786-798, 804-814, 818-829, 835-844, 848-869, 880-887, 898-901, 907-908, 938-939, 958-962
heterodyne/performance/baseline.py                   390    334     70      0  12.17%   52-65, 73-83, 118-134, 138-179, 183-188, 193-228, 238-279, 283-328, 338-392, 404-451, 463-505, 514-560, 566-622, 629-675, 681-714, 718-804, 809, 833-845, 849-853, 858-859, 863-869, 874-878, 883-884, 889-892, 897-986
heterodyne/optimization/blas_optimization.py         207    174     54      0  12.64%   46-48, 59-60, 95-124, 131-156, 199-361, 423-479, 488-515, 519-529, 549-561, 578-587, 600-624, 646-649, 676, 701-770
heterodyne/ui/cli_enhancer.py                        298    245    102      0  13.25%   33-35, 60-75, 79-99, 104-131, 138-152, 156-187, 191-245, 253-284, 290-315, 319-330, 336-373, 379-393, 397-449, 453-494, 498-527
heterodyne/optimization/ml_acceleration.py           731    598    246      4  14.64%   53-64, 72, 80-82, 87-89, 95, 111-118, 152-154, 183-185, 262-281, 285-336, 349-453, 477-605, 624-628, 633-654, 660-694, 700-719, 729-765, 774-777, 782-794, 803-839, 843-848, 852-860, 866-874, 881-894, 898-907, 914-922, 937-949, 953-966, 997-1182, 1200-1286, 1296-1333, 1337-1339, 1343-1350, 1354-1382, 1386, 1390-1406, 1423-1473, 1512-1637, 1656-1666, 1688-1750, 1776, 1792-1797, 1800-1803, 1806-1809, 1835-1851, 1872-1900
heterodyne/ui/completion/installer.py                400    319    148      0  14.78%   94-104, 113-114, 123-124, 128, 132-143, 147-176, 180-201, 206-238, 242-260, 264-293, 297, 314-340, 346-368, 374-392, 398-406, 412-425, 434-452, 459-467, 479-514, 523-536, 708-716, 720-722, 753-755, 824, 841-870, 874, 890-911, 915-931, 935-953, 957-966, 970-995, 1001-1041, 1045-1051, 1055
heterodyne/cli/enhanced_runner.py                    282    230     64      0  15.03%   29-31, 40-51, 76-93, 109-172, 176-188, 192-204, 208-225, 229-250, 254-282, 286-293, 300-321, 329-370, 374-380, 386-393, 406-457, 463-471, 489-514, 518-527, 534-536, 540-542, 546-548, 552-553, 557, 580-606, 609-610, 613-614
heterodyne/optimization/robust.py                    693    572    238     23  15.68%   59-63, 78-97, 119-123, 144-149, 212->221, 241-243, 258, 260, 288, 294-299, 306, 314-319, 346, 374-453, 482-487, 539-695, 728-866, 899-1037, 1069-1199, 1229-1252, 1291-1338, 1359-1372, 1406-1500, 1528-1563, 1588-1596, 1609-1672, 1690-1744, 1753-1756, 1787-1835, 1849-1878, 1888-1916, 1927-1962, 2008->2011, 2011->2022, 2044-2066, 2102-2110, 2132-2138, 2142, 2146, 2150, 2153, 2157, 2161, 2165, 2171, 2179, 2245->2249
heterodyne/core/mathematical_optimization.py         359    278    160      1  16.18%   115->117, 146-212, 216-219, 223-232, 238-242, 322-345, 349-353, 401-437, 462-510, 526-568, 610-658, 676-706, 710-715, 720-744, 748-757, 801, 807-811, 823, 826-827, 839, 842-843, 883-937, 941-944, 959-993, 1029-1068
heterodyne/statistics/chi_squared.py                 320    255     78      0  16.33%   78-80, 89-96, 139-149, 177-194, 208-244, 253-261, 291-346, 350, 354, 389-402, 438-515, 559-592, 602-640, 650-659, 663-666, 689, 716-806, 822-864, 897-898, 934-962, 994-1007, 1013-1023
heterodyne/visualization/enhanced_plotting.py        143    114     34      0  16.38%   64-83, 102-162, 180-232, 249-284, 296-334, 345-394, 398-402, 406-424, 428-431, 448, 459-461, 466-468, 473-475, 485
heterodyne/core/caching.py                           451    354    156      3  16.47%   75-88, 107-112, 140-213, 237-250, 268-270, 278-296, 300-309, 405-457, 483-515, 533-564, 568-573, 577-582, 586-591, 595-597, 601-603, 607-623, 627-640, 644-662, 674-698, 702-725, 732-748, 771-785, 789->exit, 801-804, 849-884, 905-927, 939-940, 960, 979-986, 998-999, 1010-1055, 1059-1071, 1075-1109, 1132, 1135
heterodyne/performance/monitoring.py                 397    318     72      0  16.84%   71-75, 137-147, 153, 172-219, 245-325, 329-410, 414-464, 468-495, 513-561, 565-611, 616-637, 643-656, 662-737, 742-779, 783, 819-829, 836-855, 865, 876-910, 915-1008
heterodyne/ui/completion/install_completion.py       131    100     50      0  17.13%   204-216, 221-233, 240-252, 259-274, 283-381
heterodyne/core/io_utils.py                          200    157     52      1  17.46%   88-95, 143-183, 209-218, 278-286, 341, 346-354, 380-401, 431-464, 478-488, 518-573, 627-715, 809-815, 858-860
heterodyne/performance/regression_prevention.py      179    141     36      0  17.67%   76-86, 91-121, 127-153, 159-187, 193-223, 228-291, 298-367, 374-440, 447-470, 511-518, 524-574
heterodyne/core/cpu_optimization.py                  163    126     52      0  18.14%   40-42, 62-69, 73-91, 95-116, 141-156, 162-180, 184-200, 207-223, 251-277, 286-298, 311, 334-352, 371-381, 389, 395-396, 408-410, 441
heterodyne/ui/completion/cache.py                    287    222     66      0  18.41%   78-106, 110-116, 120-155, 167-208, 224-259, 271-299, 311-339, 343-353, 362-391, 395-416, 430-459, 465-508, 512-549, 553-571, 576-589, 593-594, 602-603, 606, 609, 612-616, 619-625, 628-630, 633, 640-641, 644-647, 650-653
heterodyne/ui/error_reporter.py                      219    163     80      0  18.73%   35-37, 79-82, 94-105, 109, 253-295, 309-315, 319-337, 343-356, 361-419, 423-456, 460-509, 515-542, 546-570, 577, 586-589
heterodyne/ui/interactive.py                         334    255     80      0  19.08%   36-38, 45-48, 53, 77-78, 94-95, 124-141, 145-154, 158-163, 167-170, 174, 273-292, 296-316, 320-348, 354-398, 402-483, 489, 493-528, 532-538, 543-567, 571-605, 619-643, 654-662, 666-673, 677-687, 691-707, 711-735, 739-755, 760-761, 765-766, 772-773, 779-781, 791-792, 796-797, 803-805, 814
heterodyne/performance/integrated_monitoring.py      242    183     40      0  20.92%   45-46, 51-52, 56-57, 61-62, 119-145, 149-193, 201-236, 241-283, 290-330, 337-370, 375-455, 460-539, 545-575, 581-627
heterodyne/ui/visualization_optimizer.py             119     81     48      0  22.75%   32-33, 37-40, 50-51, 56, 93-110, 114-133, 137-170, 174, 204-208, 214-223, 237-262, 271-277, 283-285, 289, 299-306, 318-325
heterodyne/core/performance_analytics.py             192    138     36      0  23.68%   77, 99, 103, 123-150, 179-206, 232-249, 260-288, 299-347, 358-371, 393-424, 441-525, 536-566, 570-576, 587-633, 645-648, 654-657, 676-704, 718-749
heterodyne/ui/completion/core.py                     259    176     82      0  24.34%   23-24, 96-107, 125-146, 151-170, 175-198, 203-211, 232-251, 260-272, 289-318, 324-340, 345-357, 361-403, 407-417, 421-442, 446-456, 461-474, 478-486, 490-496, 502-518, 524, 535-551, 562-563, 567-578
heterodyne/performance/cpu_profiling.py              180    128     30      0  24.76%   36-37, 41-43, 91-93, 97-105, 128-154, 165-186, 190-219, 231-249, 269-277, 307-328, 334-340, 362, 378-429, 445-480, 498-512, 524-548
heterodyne/ui/progress.py                            211    144     56      0  25.09%   43-48, 76, 82-98, 103-105, 110-125, 130, 142-172, 182-192, 202-228, 234-258, 262-264, 268-287, 291-298, 302-307, 311-331, 345-351, 358-359, 365-373, 378-386, 391-399, 406-409, 412-415, 418-420, 429
heterodyne/core/optimization_utils.py                112     78     30      2  26.76%   41, 45, 58-63, 82-83, 128-138, 155-158, 178-200, 212-245, 254-261, 266-273, 278-285, 290-297
heterodyne/ui/completion/adapter.py                  219    152     64      8  30.74%   38-61, 65-75, 79-102, 106-135, 139-164, 168-189, 200, 203, 206, 209-210, 213-214, 217-218, 221-222, 232, 240, 244, 246, 250, 252, 256, 260, 265-271, 275-308, 312-327, 331-335, 339-343, 361, 366, 371, 376, 386, 391
heterodyne/optimization/distributed.py               836    531    248     22  32.56%   53-56, 65, 74, 83, 147-168, 174-190, 194-204, 208-225, 229-243, 307-309, 313-342, 346-349, 353-366, 370-410, 414-418, 429-449, 453-554, 569-572, 576-591, 595-598, 602-610, 614-628, 632-635, 644-669, 679-773, 805, 821->exit, 830, 849-850, 853, 872, 882-908, 912-998, 1013-1015, 1019-1062, 1066-1076, 1080-1093, 1097-1132, 1136-1163, 1167-1188, 1192-1280, 1349, 1351, 1353, 1357-1358, 1368-1372, 1388-1389, 1393-1399, 1474, 1502, 1511-1545, 1549, 1555, 1561-1564, 1571-1599, 1625, 1663-1676, 1684-1689, 1693-1702, 1709-1724, 1757-1760, 1774, 1802, 1848->1857, 1861->1864, 1895, 1931, 1961-1981
heterodyne/data/xpcs_loader.py                       403    257    118     19  33.97%   78-80, 111-128, 169, 172, 176, 198, 210-215, 229, 238, 250-259, 306-307, 321-325, 365-374, 378-400, 407-522, 545-699, 717-722, 748-761, 765-794, 798-814, 820, 823, 829, 870-872, 876-897, 906->910, 917, 919, 921, 925-926, 954-962, 984-985
heterodyne/cli/optimization.py                       188    110     74     16  36.64%   64-68, 75-76, 83-84, 87-88, 93, 105-189, 250-254, 261-262, 272-273, 276-277, 282, 311-364, 380-409, 462-463, 477-478, 489-500, 503, 506
heterodyne/performance/__init__.py                    34     21      0      0  38.24%   24-34, 42-51, 56-62, 67-71
heterodyne/cli/core.py                               279    150     62     15  43.40%   44-52, 65-69, 77-81, 94-103, 129-131, 135-136, 143-148, 179-180, 221-243, 247-267, 307, 328-329, 345-384, 406-471, 529-536, 539-544, 548, 568-570, 573-576, 583-591, 594-635, 647-652
heterodyne/analysis/core.py                         1277    660    436     77  44.60%   177, 180, 290, 342, 373-374, 427, 435->437, 437->441, 449-459, 492, 510, 552-553, 562, 587, 614-619, 624->665, 666-687, 698-726, 740->744, 756, 781-785, 803, 844, 847->876, 876->882, 896-901, 913, 960, 971->976, 974, 987-1010, 1020-1024, 1054-1067, 1108, 1110, 1114, 1120, 1124, 1128, 1138, 1154, 1197, 1362-1368, 1428-1462, 1493->1501, 1542->1546, 1664, 1682-1692, 1698, 1710, 1728->1740, 1730, 1740->1753, 1742, 1753->1773, 1756-1763, 1792-1798, 1828-1843, 1891-1905, 1939-1941, 1959-1966, 1978-2014, 2027-2040, 2053-2061, 2076-2153, 2166-2179, 2202-2217, 2251-2279, 2355-2379, 2710-2723, 2731-2761, 2776, 2791-2798, 2825-2833, 2845-2909, 2917-2931, 2939-2951, 2960-3003, 3011-3028, 3036-3039, 3045-3092, 3112-3168, 3198-3389, 3407-3514, 3549-3553, 3560-3666, 3686-3717, 3734, 3738, 3757, 3769, 3773, 3779-3792, 3815, 3840, 3865-3874, 3890, 3909-3967, 3996->3998, 3998->4000, 4000->4004, 4105, 4160, 4181, 4192, 4196, 4200, 4214, 4218, 4226, 4230, 4263, 4268->4276, 4276->4284, 4279, 4284->exit, 4287
heterodyne/core/secure_io.py                         268    138     84     20  45.45%   56-62, 106, 119, 134-166, 189, 197-208, 232-237, 239->247, 242-243, 249-251, 271, 279-295, 302-307, 309->319, 312-313, 341, 344, 349, 352->357, 354, 358-371, 378-381, 400-453, 477-514, 524-535, 549-555
heterodyne/core/workflows.py                         298    144     66     14  48.35%   70, 81, 98-99, 120, 132, 143, 153-154, 164-165, 173-179, 195, 201, 206-207, 219, 225-226, 242-243, 252, 257-258, 270, 274-292, 297-309, 319-336, 345-368, 391, 396-397, 401, 403, 405, 435, 458-481, 517-540, 566-596, 607-664
heterodyne/cli/__init__.py                            47     24      0      0  48.94%   35-63
heterodyne/core/kernels.py                           307    144     80     10  51.94%   47-62, 69, 72, 78, 81, 103-111, 137-153, 176-194, 217-222, 243-267, 333-339, 344-348, 371->375, 379-385, 389-390, 403, 408, 439-476, 482, 519-536, 543, 679-695, 741, 760, 818, 869, 916-928, 965-979, 995-1025
heterodyne/optimization/__init__.py                   21     10      0      0  52.38%   30-35, 43-48
heterodyne/optimization/classical.py                 561    249    204     43  52.94%   39-42, 53-57, 65-68, 155, 165, 181->187, 183-184, 192, 315->325, 317->319, 333, 358, 386, 443, 452-456, 468, 513->524, 524->540, 532, 553-563, 588-591, 609->611, 611->615, 729, 732->747, 735->734, 741-742, 777, 835, 842-894, 931, 962-970, 1006->1018, 1008-1013, 1014->1018, 1065-1073, 1076, 1105-1129, 1163-1216, 1244-1266, 1306-1332, 1377, 1383-1524, 1561-1644, 1744, 1748, 1752->1751, 1757, 1778-1812, 1842, 1904-1914, 1950-1956, 1996, 1998, 2009->2013, 2056-2057
heterodyne/cli/utils.py                               96     36     38      9  52.99%   34-38, 48-64, 103->110, 137, 178-179, 205-214, 240, 247, 254, 274, 280-281
heterodyne/cli/run_heterodyne.py                      40     15      6      0  54.35%   58-69, 96-102
heterodyne/optimization/utils.py                     278     69    106     21  69.79%   63-65, 77-82, 86, 141-142, 177->205, 180->190, 184->190, 193->196, 196->199, 199->205, 205->221, 210->221, 212->221, 215->218, 218->221, 341, 360, 366, 374, 383, 387->392, 423-466, 494-497, 520-550, 631, 634->641, 644->650, 716-728, 749-756
heterodyne/performance/startup_monitoring.py         296     76     66     14  71.82%   139-211, 278, 289-290, 294-302, 305, 389, 395, 438, 443, 531, 600-601, 651, 656, 664-665, 673-674, 686-687, 693, 704->699, 706-707, 711-713, 725-727, 735-736, 754-761, 853-854
heterodyne/performance/simple_monitoring.py          107     23     28      6  72.59%   96->65, 97->96, 102-105, 108, 157-160, 172-174, 186-188, 231-234, 254-274
heterodyne/core/security_performance.py              311     62    106     29  73.86%   54-55, 135-136, 140-145, 165-168, 180, 208-224, 239, 256, 281->288, 303, 332, 345, 355-358, 365, 426->429, 429->446, 432->439, 441-442, 458->461, 462, 466, 479->exit, 488-493, 522, 531->537, 535, 548, 552, 558->546, 590, 593, 597, 620, 646-651, 678-679, 698
heterodyne/core/config.py                            480     87    162     46  77.10%   48-50, 202, 209->212, 263-264, 268->279, 291, 391, 414, 421-422, 425-427, 441-444, 480, 502-513, 557, 576, 585, 590-591, 616, 625, 632->627, 663-665, 668-670, 699, 703, 722, 745, 810, 819, 821, 826, 831, 836-837, 848-855, 876, 898, 914->932, 929, 969, 994, 1004, 1029-1044, 1057, 1076->1090, 1082, 1296-1297, 1330, 1350, 1384, 1394, 1400, 1402, 1407, 1426, 1637, 1671->exit, 1679-1688, 1692-1693
heterodyne/core/composition.py                       242     47     60     10  79.14%   99-100, 112-114, 118, 122, 149, 184, 248-252, 289-293, 350, 398-399, 407, 456, 470, 484-485, 492, 532, 558-606
heterodyne/core/lazy_imports.py                      172     29     48     10  79.55%   88-92, 96, 102-108, 122, 126-127, 136, 167, 177, 213, 226, 232-233, 279-280, 353-360, 417-418
heterodyne/core/migration.py                         138     26     40      6  79.78%   52, 126, 187->190, 229, 231->239, 401, 413-446
heterodyne/cli/create_config.py                      122     19     58     17  80.00%   48-52, 65, 71, 76->75, 81->80, 88->87, 95->94, 105->104, 169, 174-178, 181, 188->193, 198->215, 206, 207->211, 212, 215->224, 217->221, 303->306, 308-320
heterodyne/config/__init__.py                         10      1      2      1  83.33%   34
heterodyne/core/initialization_optimizer.py          217     17     62      7  90.68%   121-122, 129->132, 153->151, 167-168, 193-195, 247, 368, 378-379, 384, 394, 408-409, 516-517
heterodyne/cli/parser.py                              43      3      2      1  91.11%   18, 23, 324
heterodyne/__init__.py                                87      6      2      1  92.13%   97, 304-307, 315->exit, 324-326
heterodyne/analysis/__init__.py                        1      0      0      0 100.00%
heterodyne/core/__init__.py                           10      0      0      0 100.00%
heterodyne/data/__init__.py                            2      0      0      0 100.00%
heterodyne/statistics/__init__.py                      6      0      0      0 100.00%
heterodyne/ui/__init__.py                              2      0      0      0 100.00%
heterodyne/ui/completion/__init__.py                   5      0      0      0 100.00%
heterodyne/visualization/__init__.py                  20      0      0      0 100.00%
-----------------------------------------------------------------------------------------------
TOTAL                                              17958  11852   5194    458  30.71%
Coverage HTML written to dir reports/htmlcov
============================= slowest 10 durations =============================
180.59s call     heterodyne/tests/test_distributed_ml_integration.py::TestDistributedMLIntegration::test_scalability_and_performance_benchmarks
30.25s call     heterodyne/tests/test_distributed_ml_integration.py::TestDistributedMLIntegration::test_end_to_end_distributed_optimization_workflow
30.12s call     heterodyne/tests/test_complexity_analysis_tooling.py::TestAdvancedComplexityAnalysis::test_baseline_establishment
30.11s call     heterodyne/tests/test_distributed_optimization.py::TestDistributedOptimizationPerformance::test_load_balancing
29.97s call     heterodyne/tests/test_complexity_analysis_tooling.py::TestAdvancedComplexityAnalysis::test_package_complexity_analysis
29.95s call     heterodyne/tests/test_complexity_analysis_tooling.py::TestAdvancedComplexityAnalysis::test_refactoring_plan_generation
29.74s call     heterodyne/tests/test_complexity_analysis_tooling.py::TestAdvancedComplexityAnalysis::test_complexity_report_generation
17.85s call     heterodyne/tests/test_dead_code_detection_pipeline.py::TestIntegrationWithHeterodynePackage::test_specific_files_analysis
17.81s call     heterodyne/tests/test_dead_code_detection_pipeline.py::TestIntegrationWithHeterodynePackage::test_analyze_heterodyne_package
17.60s call     heterodyne/tests/test_dead_code_detection_pipeline.py::TestDeadCodeDetectionPipeline::test_reachability_analysis
=========================== short test summary info ============================
FAILED heterodyne/tests/test_core_kernels.py::TestNumbaCoreKernels::test_sinc_squared_computation - AttributeError: module 'numba' has no attribute 'core'
FAILED heterodyne/tests/test_import_verification.py::TestImportOptimization::test_numba_import_overhead - AssertionError: Excessive numba overhead: 154.3x
assert < failed. [pytest-clarity diff shown]
  [0m
  [0m[32mLHS[0m vs [31mRHS[0m shown below
  [0m
  [0m[32m154.28453733810676[0m
  [0m[31m150.0[0m
  [0m
FAILED heterodyne/tests/test_distributed_optimization.py::TestDistributedOptimizationPerformance::test_load_balancing - AssertionError: Expected results but got 0
assert > failed. [pytest-clarity diff shown]
  [0m
  [0m[32mLHS[0m vs [31mRHS[0m shown below
  [0m
  [0m0
  [0m
FAILED heterodyne/tests/test_distributed_ml_integration.py::TestDistributedMLIntegration::test_error_recovery_and_fault_tolerance - AssertionError: Should get one error result
assert == failed. [pytest-clarity diff shown]
  [0m
  [0m[32mLHS[0m vs [31mRHS[0m shown below
  [0m
  [0m[32m0[0m
  [0m[31m1[0m
  [0m
FAILED heterodyne/tests/test_distributed_ml_integration.py::TestDistributedMLIntegration::test_end_to_end_distributed_optimization_workflow - AssertionError: Expected 1 result, got 0
assert == failed. [pytest-clarity diff shown]
  [0m
  [0m[32mLHS[0m vs [31mRHS[0m shown below
  [0m
  [0m[32m0[0m
  [0m[31m1[0m
  [0m
FAILED heterodyne/tests/test_distributed_ml_integration.py::TestDistributedMLIntegration::test_scalability_and_performance_benchmarks - AssertionError: Performance test failed: multiprocessing_10d
assert False
 +  where False = <built-in method get of dict object at 0x1436a6f00>('success', False)
 +    where <built-in method get of dict object at 0x1436a6f00> = {'execution_time': 60.19343614578247, 'problem_size': 10, 'success': False}.get
============ 6 failed, 578 passed, 51 skipped in 663.25s (0:11:03) =============
